#
# A fatal error has been detected by the Java Runtime Environment:
#
#  EXCEPTION_ACCESS_VIOLATION (0xc0000005) at pc=0x585b0348, pid=338256, tid=342288
#
# JRE version: Java(TM) SE Runtime Environment (8.0_25-b18) (build 1.8.0_25-b18)
# Java VM: Java HotSpot(TM) Client VM (25.25-b02 mixed mode windows-x86 )
# Problematic frame:
# V  [jvm.dll+0xc0348]
#
# Failed to write core dump. Minidumps are not enabled by default on client versions of Windows
#
# If you would like to submit a bug report, please visit:
#   http://bugreport.sun.com/bugreport/crash.jsp
#

---------------  T H R E A D  ---------------

Current thread (0x14e8d000):  JavaThread "JDWP Transport Listener: dt_socket" daemon [_thread_in_vm, id=342288, stack(0x155f0000,0x15640000)]

siginfo: ExceptionCode=0xc0000005, reading address 0xffffffff

Registers:
EAX=0x6c003b74, EBX=0x00000000, ECX=0x6c003b74, EDX=0x00000000
ESP=0x1563f738, EBP=0x1563f73c, ESI=0xffffffff, EDI=0x00e998b8
EIP=0x585b0348, EFLAGS=0x00010282

Top of Stack: (sp=0x1563f738)
0x1563f738:   14e8d000 1563f764 58706984 6c003b74
0x1563f748:   1563f81c 1563f79f 14e8d000 00000000
0x1563f758:   00000000 00000000 14e8d000 1563f7a0
0x1563f768:   67859f7b 00e998b8 6c003b74 1563f79f
0x1563f778:   6c003b74 6784436d 6c003b74 1563f79f
0x1563f788:   00000004 00000000 00000000 f000100a
0x1563f798:   00000000 01e5df04 1563f7c0 678444e0
0x1563f7a8:   00000001 1563f7dc 1563f818 1661d580 

Instructions: (pc=0x585b0348)
0x585b0328:   cc cc cc cc cc cc cc cc 55 8b ec 8b 45 08 85 c0
0x585b0338:   75 02 5d c3 56 8b 30 85 f6 74 17 83 fe 37 74 12
0x585b0348:   8b 06 8b 50 08 8b ce ff d2 84 c0 74 05 8b c6 5e
0x585b0358:   5d c3 33 c0 5e 5d c3 cc 55 8b ec 53 8b 5d 08 56 


Register to memory mapping:

EAX=0x6c003b74 is an unknown value
EBX=0x00000000 is an unknown value
ECX=0x6c003b74 is an unknown value
EDX=0x00000000 is an unknown value
ESP=0x1563f738 is pointing into the stack for thread: 0x14e8d000
EBP=0x1563f73c is pointing into the stack for thread: 0x14e8d000
ESI=0xffffffff is an unknown value
EDI=0x00e998b8 is an unknown value


Stack: [0x155f0000,0x15640000],  sp=0x1563f738,  free space=317k
Native frames: (J=compiled Java code, j=interpreted, Vv=VM code, C=native code)
V  [jvm.dll+0xc0348]
V  [jvm.dll+0x216984]
C  [jdwp.dll+0x19f7b]
C  [jdwp.dll+0x44e0]
C  [jdwp.dll+0x451e]
C  0x2f6c6974


---------------  P R O C E S S  ---------------

Java Threads: ( => current thread )
  0x16619400 JavaThread "Thread-3" [_thread_blocked, id=341508, stack(0x18460000,0x184b0000)]
  0x165b2800 JavaThread "Swing-Shell" daemon [_thread_blocked, id=340472, stack(0x17e30000,0x17e80000)]
  0x1655dc00 JavaThread "TimerQueue" daemon [_thread_blocked, id=342204, stack(0x17a70000,0x17ac0000)]
  0x00e9d800 JavaThread "DestroyJavaVM" [_thread_blocked, id=339160, stack(0x00ed0000,0x00f20000)]
  0x164dac00 JavaThread "AWT-EventQueue-0" [_thread_blocked, id=344956, stack(0x15050000,0x150a0000)]
  0x14fd6c00 JavaThread "AWT-Windows" daemon [_thread_in_native, id=330576, stack(0x15cf0000,0x15d40000)]
  0x14fd5000 JavaThread "AWT-Shutdown" [_thread_blocked, id=332000, stack(0x15c50000,0x15ca0000)]
  0x14fd4400 JavaThread "Java2D Disposer" daemon [_thread_blocked, id=344128, stack(0x15b40000,0x15b90000)]
  0x14ec6400 JavaThread "Service Thread" daemon [_thread_blocked, id=344660, stack(0x15700000,0x15750000)]
  0x14ea0000 JavaThread "C1 CompilerThread0" daemon [_thread_blocked, id=338308, stack(0x15860000,0x158b0000)]
  0x14e9a400 JavaThread "JDWP Command Reader" daemon [_thread_in_native, id=338012, stack(0x15800000,0x15850000)]
  0x14e99000 JavaThread "JDWP Event Helper Thread" daemon [_thread_blocked, id=343652, stack(0x15410000,0x15460000)]
=>0x14e8d000 JavaThread "JDWP Transport Listener: dt_socket" daemon [_thread_in_vm, id=342288, stack(0x155f0000,0x15640000)]
  0x14e86c00 JavaThread "Attach Listener" daemon [_thread_blocked, id=342944, stack(0x151a0000,0x151f0000)]
  0x14e84000 JavaThread "Signal Dispatcher" daemon [_thread_blocked, id=330768, stack(0x14db0000,0x14e00000)]
  0x14e51800 JavaThread "Finalizer" daemon [_thread_blocked, id=344696, stack(0x14cb0000,0x14d00000)]
  0x14e4c800 JavaThread "Reference Handler" daemon [_thread_blocked, id=338808, stack(0x01360000,0x013b0000)]

Other Threads:
  0x14e48c00 VMThread [stack: 0x14d00000,0x14d50000] [id=337072]
  0x14ecf800 WatcherThread [stack: 0x158d0000,0x15920000] [id=344496]

VM state:not at safepoint (normal execution)

VM Mutex/Monitor currently owned by a thread: None

Heap:
 def new generation   total 4928K, used 2379K [0x04800000, 0x04d50000, 0x09d50000)
  eden space 4416K,  46% used [0x04800000, 0x04a00ae8, 0x04c50000)
  from space 512K,  64% used [0x04c50000, 0x04ca2500, 0x04cd0000)
  to   space 512K,   0% used [0x04cd0000, 0x04cd0000, 0x04d50000)
 tenured generation   total 10944K, used 4273K [0x09d50000, 0x0a800000, 0x14800000)
   the space 10944K,  39% used [0x09d50000, 0x0a17c660, 0x0a17c800, 0x0a800000)
 Metaspace       used 8062K, capacity 8210K, committed 8320K, reserved 8576K

Card table byte_map: [0x00d60000,0x00df0000] byte_map_base: 0x00d3c000

Polling page: 0x00170000

CodeCache: size=32768Kb used=1099Kb max_used=1099Kb free=31668Kb
 bounds [0x027f0000, 0x02908000, 0x047f0000]
 total_blobs=569 nmethods=352 adapters=157
 compilation: enabled

Compilation events (10 events):
Event: 111.883 Thread 0x14ea0000  349             java.security.ProtectionDomain$1::doIntersectionPrivilege (32 bytes)
Event: 111.884 Thread 0x14ea0000 nmethod 349 0x02901bc8 code [0x02901cf0, 0x02901e94]
Event: 141.843 Thread 0x14ea0000  350             sun.java2d.SurfaceData::markDirty (8 bytes)
Event: 141.844 Thread 0x14ea0000 nmethod 350 0x02902008 code [0x02902100, 0x02902190]
Event: 168.903 Thread 0x14ea0000  351             java.lang.reflect.Field::getFieldAccessor (35 bytes)
Event: 168.904 Thread 0x14ea0000 nmethod 351 0x02902208 code [0x02902300, 0x029023cc]
Event: 168.904 Thread 0x14ea0000  352             java.lang.reflect.Field::getDeclaringClass (5 bytes)
Event: 168.904 Thread 0x14ea0000 nmethod 352 0x02902448 code [0x02902540, 0x029025c0]
Event: 169.747 Thread 0x14ea0000  353   !         java.awt.EventQueue::getNextEvent (84 bytes)
Event: 169.747 Thread 0x14ea0000 nmethod 353 0x02902608 code [0x02902790, 0x029029dc]

GC Heap History (4 events):
Event: 0.485 GC heap before
{Heap before GC invocations=0 (full 0):
 def new generation   total 4928K, used 4174K [0x04800000, 0x04d50000, 0x09d50000)
  eden space 4416K,  94% used [0x04800000, 0x04c13ac8, 0x04c50000)
  from space 512K,   0% used [0x04c50000, 0x04c50000, 0x04cd0000)
  to   space 512K,   0% used [0x04cd0000, 0x04cd0000, 0x04d50000)
 tenured generation   total 10944K, used 0K [0x09d50000, 0x0a800000, 0x14800000)
   the space 10944K,   0% used [0x09d50000, 0x09d50000, 0x09d50200, 0x0a800000)
 Metaspace       used 5704K, capacity 5814K, committed 5888K, reserved 6528K
Event: 0.491 GC heap after
Heap after GC invocations=1 (full 0):
 def new generation   total 4928K, used 512K [0x04800000, 0x04d50000, 0x09d50000)
  eden space 4416K,   0% used [0x04800000, 0x04800000, 0x04c50000)
  from space 512K, 100% used [0x04cd0000, 0x04d50000, 0x04d50000)
  to   space 512K,   0% used [0x04c50000, 0x04c50000, 0x04cd0000)
 tenured generation   total 10944K, used 888K [0x09d50000, 0x0a800000, 0x14800000)
   the space 10944K,   8% used [0x09d50000, 0x09e2e340, 0x09e2e400, 0x0a800000)
 Metaspace       used 5704K, capacity 5814K, committed 5888K, reserved 6528K
}
Event: 3.018 GC heap before
{Heap before GC invocations=1 (full 0):
 def new generation   total 4928K, used 4928K [0x04800000, 0x04d50000, 0x09d50000)
  eden space 4416K, 100% used [0x04800000, 0x04c50000, 0x04c50000)
  from space 512K, 100% used [0x04cd0000, 0x04d50000, 0x04d50000)
  to   space 512K,   0% used [0x04c50000, 0x04c50000, 0x04cd0000)
 tenured generation   total 10944K, used 888K [0x09d50000, 0x0a800000, 0x14800000)
   the space 10944K,   8% used [0x09d50000, 0x09e2e340, 0x09e2e400, 0x0a800000)
 Metaspace       used 7493K, capacity 7616K, committed 7680K, reserved 8576K
Event: 3.025 GC heap after
Heap after GC invocations=2 (full 0):
 def new generation   total 4928K, used 329K [0x04800000, 0x04d50000, 0x09d50000)
  eden space 4416K,   0% used [0x04800000, 0x04800000, 0x04c50000)
  from space 512K,  64% used [0x04c50000, 0x04ca2500, 0x04cd0000)
  to   space 512K,   0% used [0x04cd0000, 0x04cd0000, 0x04d50000)
 tenured generation   total 10944K, used 4273K [0x09d50000, 0x0a800000, 0x14800000)
   the space 10944K,  39% used [0x09d50000, 0x0a17c660, 0x0a17c800, 0x0a800000)
 Metaspace       used 7493K, capacity 7616K, committed 7680K, reserved 8576K
}

Deoptimization events (0 events):
No events

Internal exceptions (10 events):
Event: 0.351 Thread 0x00e9d800 Exception <a 'java/security/PrivilegedActionException'> (0x04b47ab0) thrown at [C:\re\workspace\8-2-build-windows-i586-cygwin\jdk8u25\1677\hotspot\src\share\vm\prims\jvm.cpp, line 1312]
Event: 0.358 Thread 0x00e9d800 Exception <a 'java/security/PrivilegedActionException'> (0x04b4ba50) thrown at [C:\re\workspace\8-2-build-windows-i586-cygwin\jdk8u25\1677\hotspot\src\share\vm\prims\jvm.cpp, line 1312]
Event: 0.370 Thread 0x00e9d800 Exception <a 'java/security/PrivilegedActionException'> (0x04b52640) thrown at [C:\re\workspace\8-2-build-windows-i586-cygwin\jdk8u25\1677\hotspot\src\share\vm\prims\jvm.cpp, line 1312]
Event: 0.370 Thread 0x00e9d800 Exception <a 'java/security/PrivilegedActionException'> (0x04b569d0) thrown at [C:\re\workspace\8-2-build-windows-i586-cygwin\jdk8u25\1677\hotspot\src\share\vm\prims\jvm.cpp, line 1312]
Event: 0.371 Thread 0x00e9d800 Exception <a 'java/security/PrivilegedActionException'> (0x04b59318) thrown at [C:\re\workspace\8-2-build-windows-i586-cygwin\jdk8u25\1677\hotspot\src\share\vm\prims\jvm.cpp, line 1312]
Event: 0.372 Thread 0x00e9d800 Exception <a 'java/security/PrivilegedActionException'> (0x04b611b0) thrown at [C:\re\workspace\8-2-build-windows-i586-cygwin\jdk8u25\1677\hotspot\src\share\vm\prims\jvm.cpp, line 1312]
Event: 0.372 Thread 0x00e9d800 Exception <a 'java/security/PrivilegedActionException'> (0x04b652e0) thrown at [C:\re\workspace\8-2-build-windows-i586-cygwin\jdk8u25\1677\hotspot\src\share\vm\prims\jvm.cpp, line 1312]
Event: 4.728 Thread 0x164dac00 Exception <a 'java/security/PrivilegedActionException'> (0x04938b98) thrown at [C:\re\workspace\8-2-build-windows-i586-cygwin\jdk8u25\1677\hotspot\src\share\vm\prims\jvm.cpp, line 1312]
Event: 7.312 Thread 0x164dac00 Exception <a 'java/security/PrivilegedActionException'> (0x0498d618) thrown at [C:\re\workspace\8-2-build-windows-i586-cygwin\jdk8u25\1677\hotspot\src\share\vm\prims\jvm.cpp, line 1312]
Event: 7.316 Thread 0x16619400 Exception <a 'java/security/PrivilegedActionException'> (0x04995028) thrown at [C:\re\workspace\8-2-build-windows-i586-cygwin\jdk8u25\1677\hotspot\src\share\vm\prims\jvm.cpp, line 1312]

Events (10 events):
Event: 142.837 loading class javax/swing/JComponent$KeyboardState
Event: 142.838 loading class javax/swing/JComponent$KeyboardState done
Event: 142.838 loading class javax/swing/JComponent$IntVector
Event: 142.838 loading class javax/swing/JComponent$IntVector done
Event: 142.838 loading class java/util/Vector$1
Event: 142.839 loading class java/util/Vector$1 done
Event: 170.116 Executing VM operation: BulkRevokeBias
Event: 170.116 Executing VM operation: BulkRevokeBias done
Event: 291.238 Executing VM operation: RedefineClasses
Event: 291.239 Executing VM operation: RedefineClasses done


Dynamic libraries:
0x013c0000 - 0x013f0000 	C:\Program Files (x86)\Java\jre1.8.0_25\bin\javaw.exe
0x77610000 - 0x77790000 	C:\Windows\SysWOW64\ntdll.dll
0x75de0000 - 0x75ef0000 	C:\Windows\syswow64\kernel32.dll
0x75ad0000 - 0x75b17000 	C:\Windows\syswow64\KERNELBASE.dll
0x75470000 - 0x75510000 	C:\Windows\syswow64\ADVAPI32.dll
0x757a0000 - 0x7584c000 	C:\Windows\syswow64\msvcrt.dll
0x771f0000 - 0x77209000 	C:\Windows\SysWOW64\sechost.dll
0x760e0000 - 0x761d0000 	C:\Windows\syswow64\RPCRT4.dll
0x75000000 - 0x75060000 	C:\Windows\syswow64\SspiCli.dll
0x74ff0000 - 0x74ffc000 	C:\Windows\syswow64\CRYPTBASE.dll
0x75850000 - 0x75950000 	C:\Windows\syswow64\USER32.dll
0x756c0000 - 0x75750000 	C:\Windows\syswow64\GDI32.dll
0x75750000 - 0x7575a000 	C:\Windows\syswow64\LPK.dll
0x75230000 - 0x752cd000 	C:\Windows\syswow64\USP10.dll
0x710a0000 - 0x7123e000 	C:\Windows\WinSxS\x86_microsoft.windows.common-controls_6595b64144ccf1df_6.0.7601.17514_none_41e6975e2bd6f2b2\COMCTL32.dll
0x75540000 - 0x75597000 	C:\Windows\syswow64\SHLWAPI.dll
0x75fd0000 - 0x76030000 	C:\Windows\system32\IMM32.DLL
0x77080000 - 0x7714c000 	C:\Windows\syswow64\MSCTF.dll
0x74d00000 - 0x74d35000 	C:\Windows\SysWOW64\nvinit.dll
0x63de0000 - 0x63e9f000 	C:\Program Files (x86)\Java\jre1.8.0_25\bin\msvcr100.dll
0x584f0000 - 0x58894000 	C:\Program Files (x86)\Java\jre1.8.0_25\bin\client\jvm.dll
0x71ec0000 - 0x71ec7000 	C:\Windows\system32\WSOCK32.dll
0x76040000 - 0x76075000 	C:\Windows\syswow64\WS2_32.dll
0x75760000 - 0x75766000 	C:\Windows\syswow64\NSI.dll
0x733b0000 - 0x733e2000 	C:\Windows\system32\WINMM.dll
0x75bb0000 - 0x75bb5000 	C:\Windows\syswow64\PSAPI.DLL
0x74460000 - 0x7446c000 	C:\Program Files (x86)\Java\jre1.8.0_25\bin\verify.dll
0x6d930000 - 0x6d951000 	C:\Program Files (x86)\Java\jre1.8.0_25\bin\java.dll
0x67840000 - 0x67869000 	C:\Program Files (x86)\Java\jre1.8.0_25\bin\jdwp.dll
0x71b80000 - 0x71b87000 	C:\Program Files (x86)\Java\jre1.8.0_25\bin\npt.dll
0x6d2b0000 - 0x6d2c3000 	C:\Program Files (x86)\Java\jre1.8.0_25\bin\zip.dll
0x76430000 - 0x7707a000 	C:\Windows\syswow64\SHELL32.dll
0x75970000 - 0x75acc000 	C:\Windows\syswow64\ole32.dll
0x76410000 - 0x7641b000 	C:\Windows\syswow64\profapi.dll
0x73b70000 - 0x73b78000 	C:\Program Files (x86)\Java\jre1.8.0_25\bin\dt_socket.dll
0x70240000 - 0x70250000 	C:\Windows\system32\NLAapi.dll
0x70230000 - 0x70240000 	C:\Windows\system32\napinsp.dll
0x70210000 - 0x70222000 	C:\Windows\system32\pnrpnsp.dll
0x71e60000 - 0x71e9c000 	C:\Windows\System32\mswsock.dll
0x701c0000 - 0x70204000 	C:\Windows\system32\DNSAPI.dll
0x701b0000 - 0x701b8000 	C:\Windows\System32\winrnr.dll
0x701a0000 - 0x701ad000 	C:\Windows\system32\wshbth.dll
0x70170000 - 0x70191000 	C:\Program Files (x86)\Bonjour\mdnsNSP.dll
0x71b20000 - 0x71b3c000 	C:\Windows\system32\Iphlpapi.DLL
0x71b10000 - 0x71b17000 	C:\Windows\system32\WINNSI.DLL
0x70140000 - 0x70167000 	C:\Program Files (x86)\Common Files\Microsoft Shared\Windows Live\WLIDNSP.DLL
0x6f050000 - 0x6f088000 	C:\Windows\System32\fwpuclnt.dll
0x6f040000 - 0x6f046000 	C:\Windows\system32\rasadhlp.dll
0x71e50000 - 0x71e55000 	C:\Windows\System32\wshtcpip.dll
0x5e0d0000 - 0x5e216000 	C:\Program Files (x86)\Java\jre1.8.0_25\bin\awt.dll
0x77150000 - 0x771df000 	C:\Windows\syswow64\OLEAUT32.dll
0x6f4d0000 - 0x6f550000 	C:\Windows\system32\uxtheme.dll
0x6f900000 - 0x6f913000 	C:\Windows\system32\dwmapi.dll
0x67e60000 - 0x67e98000 	C:\Program Files (x86)\Java\jre1.8.0_25\bin\fontmanager.dll
0x00f80000 - 0x00fb8000 	C:\Program Files\ThinkPad\Bluetooth Software\SysWOW64\BtMmHook.dll
0x703c0000 - 0x703d5000 	C:\Program Files (x86)\Java\jre1.8.0_25\bin\net.dll
0x70f50000 - 0x70f56000 	C:\Windows\System32\wship6.dll
0x74580000 - 0x7458f000 	C:\Program Files (x86)\Java\jre1.8.0_25\bin\nio.dll
0x6cef0000 - 0x6cf20000 	C:\Program Files (x86)\Java\jre1.8.0_25\bin\t2k.dll
0x6eee0000 - 0x6ef64000 	C:\Windows\WinSxS\x86_microsoft.windows.common-controls_6595b64144ccf1df_5.82.7601.18201_none_ec80f00e8593ece5\comctl32.dll
0x76270000 - 0x7640d000 	C:\Windows\syswow64\SETUPAPI.dll
0x75300000 - 0x75327000 	C:\Windows\syswow64\CFGMGR32.dll
0x75950000 - 0x75962000 	C:\Windows\syswow64\DEVOBJ.dll
0x75b20000 - 0x75ba3000 	C:\Windows\syswow64\CLBCatQ.DLL
0x712c0000 - 0x713b5000 	C:\Windows\system32\propsys.dll
0x74cd0000 - 0x74cf1000 	C:\Windows\system32\ntmarta.dll
0x75f00000 - 0x75f45000 	C:\Windows\syswow64\WLDAP32.dll
0x6ff90000 - 0x6ffdc000 	C:\Windows\system32\apphelp.dll
0x5efa0000 - 0x5f138000 	C:\Windows\system32\NetworkExplorer.dll
0x60b80000 - 0x60baf000 	C:\Windows\System32\shdocvw.dll
0x65f50000 - 0x65f5a000 	C:\Windows\system32\slc.dll
0x712a0000 - 0x712b2000 	C:\Windows\system32\MPR.dll
0x73a10000 - 0x73a18000 	C:\Windows\System32\drprov.dll
0x70250000 - 0x70279000 	C:\Windows\System32\WINSTA.dll
0x67320000 - 0x67334000 	C:\Windows\System32\ntlanman.dll
0x660c0000 - 0x660d7000 	C:\Windows\System32\davclnt.dll
0x67310000 - 0x67318000 	C:\Windows\System32\DAVHLPR.dll
0x71020000 - 0x7102f000 	C:\Windows\system32\wkscli.dll
0x74850000 - 0x7485b000 	C:\Windows\system32\cscapi.dll
0x71050000 - 0x71059000 	C:\Windows\system32\netutils.dll
0x57300000 - 0x57538000 	C:\Windows\system32\wpdshext.dll
0x6f330000 - 0x6f4c0000 	C:\Windows\WinSxS\x86_microsoft.windows.gdiplus_6595b64144ccf1df_1.1.7601.18455_none_72d576ad8665e853\gdiplus.dll
0x60a50000 - 0x60ad9000 	C:\Windows\system32\PortableDeviceApi.dll
0x75770000 - 0x7579e000 	C:\Windows\syswow64\WINTRUST.dll
0x755a0000 - 0x756c0000 	C:\Windows\syswow64\CRYPT32.dll
0x75330000 - 0x7533c000 	C:\Windows\syswow64\MSASN1.dll
0x67de0000 - 0x67e1f000 	C:\Windows\system32\audiodev.dll
0x589e0000 - 0x58c47000 	C:\Windows\system32\WMVCore.DLL
0x67e20000 - 0x67e5d000 	C:\Windows\system32\WMASF.DLL
0x60e00000 - 0x60e31000 	C:\Windows\system32\EhStorShell.dll
0x609a0000 - 0x609c2000 	C:\Windows\system32\EhStorAPI.dll
0x65860000 - 0x65869000 	C:\Windows\system32\LINKINFO.dll
0x6da50000 - 0x6db80000 	C:\Windows\system32\WindowsCodecs.dll
0x60e40000 - 0x60e79000 	C:\Users\chregi\AppData\Local\Microsoft\SkyDrive\17.3.1229.0918\SkyDriveShell.dll
0x66b20000 - 0x66ba5000 	C:\Users\chregi\AppData\Local\Microsoft\SkyDrive\17.3.1229.0918\MSVCP110.dll
0x66a40000 - 0x66b12000 	C:\Users\chregi\AppData\Local\Microsoft\SkyDrive\17.3.1229.0918\MSVCR110.dll
0x669c0000 - 0x66a34000 	C:\Users\chregi\AppData\Local\Microsoft\SkyDrive\17.3.1229.0918\Telemetry.dll
0x69d10000 - 0x69d22000 	C:\Users\chregi\AppData\Local\Microsoft\SkyDrive\17.3.1229.0918\LoggingPlatform.DLL
0x74da0000 - 0x74da9000 	C:\Windows\system32\VERSION.dll
0x70120000 - 0x70135000 	C:\Windows\system32\Cabinet.dll
0x6ee80000 - 0x6eed8000 	C:\Windows\system32\WINHTTP.dll
0x6ee30000 - 0x6ee7f000 	C:\Windows\system32\webio.dll
0x70300000 - 0x7032f000 	C:\Windows\system32\XmlLite.dll
0x75060000 - 0x75222000 	C:\Windows\syswow64\WININET.dll
0x775e0000 - 0x775e4000 	C:\Windows\syswow64\api-ms-win-downlevel-user32-l1-1-0.dll
0x76260000 - 0x76264000 	C:\Windows\syswow64\api-ms-win-downlevel-shlwapi-l1-1-0.dll
0x771e0000 - 0x771e4000 	C:\Windows\syswow64\api-ms-win-downlevel-version-l1-1-0.dll
0x75ef0000 - 0x75ef3000 	C:\Windows\syswow64\api-ms-win-downlevel-normaliz-l1-1-0.dll
0x76030000 - 0x76033000 	C:\Windows\syswow64\normaliz.DLL
0x75bc0000 - 0x75ddb000 	C:\Windows\syswow64\iertutil.dll
0x75530000 - 0x75535000 	C:\Windows\syswow64\api-ms-win-downlevel-advapi32-l1-1-0.dll
0x75510000 - 0x75527000 	C:\Windows\syswow64\USERENV.dll
0x6d6d0000 - 0x6d878000 	C:\Program Files\Microsoft Office 15\root\Office15\GROOVEEX.DLL
0x703e0000 - 0x70449000 	C:\Program Files\Microsoft Office 15\root\Office15\MSVCP100.dll
0x6d6a0000 - 0x6d6c6000 	C:\Program Files\Microsoft Office 15\root\Office15\ATL100.DLL
0x6fb50000 - 0x6fd95000 	C:\Windows\system32\msi.dll
0x6bd70000 - 0x6c5fc000 	C:\Program Files\Microsoft Office 15\root\Office15\1031\GrooveIntlResource.dll
0x6d680000 - 0x6d692000 	C:\Program Files (x86)\Common Files\TortoiseOverlays\TortoiseOverlays.dll
0x6d660000 - 0x6d674000 	C:\Program Files\TortoiseSVN\bin\TortoiseStub32.dll
0x6d5f0000 - 0x6d65f000 	C:\Program Files\TortoiseSVN\bin\TortoiseSVN32.dll
0x6ba00000 - 0x6bd61000 	C:\Program Files\TortoiseSVN\bin\libsvn_tsvn32.dll
0x6d5c0000 - 0x6d5e5000 	C:\Program Files\TortoiseSVN\bin\libapr_tsvn32.dll
0x6d580000 - 0x6d5b8000 	C:\Program Files\TortoiseSVN\bin\libaprutil_tsvn32.dll
0x73a20000 - 0x73a2d000 	C:\Program Files\TortoiseSVN\bin\intl3_tsvn32.dll
0x6d560000 - 0x6d573000 	C:\Program Files\TortoiseSVN\bin\libsasl32.dll
0x70f70000 - 0x70f78000 	C:\Windows\system32\Secur32.dll
0x60e90000 - 0x60eb3000 	C:\Users\chregi\AppData\Roaming\Dropbox\bin\DropboxExt.24.dll
0x6ed40000 - 0x6ee2b000 	C:\Windows\system32\dbghelp.dll

VM Arguments:
jvm_args: -agentlib:jdwp=transport=dt_socket,suspend=y,address=localhost:7469 -Dfile.encoding=Cp1252 
java_command: ch.fhnw.edu.efficientalgorithms.graph.gui.GraphMain
java_class_path (initial): D:\Users\chregi\Documents\GitHub\FHNW-Java-Projekte\efalg\Uebung04-GraphAlgorithms\bin;D:\DEV\Eclipse\eclipse-jee-luna-SR1-win32-x86_64\eclipse\plugins\org.junit_4.11.0.v201303080030\junit.jar;D:\DEV\Eclipse\eclipse-jee-luna-SR1-win32-x86_64\eclipse\plugins\org.hamcrest.core_1.3.0.v201303031735.jar
Launcher Type: SUN_STANDARD

Environment Variables:
JAVA_HOME=C:\Program Files\Java\jdk1.7.0_17
JRE_HOME=C:\Program Files\Java\jre7
CLASSPATH=C:\jogl\jar\gluegen-rt.jar;C:\jogl\jar\jogl-all.jar
USERNAME=chregi
OS=Windows_NT
PROCESSOR_IDENTIFIER=Intel64 Family 6 Model 42 Stepping 7, GenuineIntel



---------------  S Y S T E M  ---------------

OS: Windows 7 , 64 bit Build 7601 Service Pack 1

CPU:total 4 (2 cores per cpu, 2 threads per core) family 6 model 42 stepping 7, cmov, cx8, fxsr, mmx, sse, sse2, sse3, ssse3, sse4.1, sse4.2, popcnt, avx, aes, clmul, ht, tsc, tscinvbit

Memory: 4k page, physical 12462320k(3771724k free), swap 24922776k(15372036k free)

vm_info: Java HotSpot(TM) Client VM (25.25-b02) for windows-x86 JRE (1.8.0_25-b18), built on Oct  7 2014 14:31:05 by "java_re" with MS VC++ 10.0 (VS2010)

time: Sun Nov 23 17:30:07 2014
elapsed time: 291 seconds (0d 0h 4m 51s)

