#
# A fatal error has been detected by the Java Runtime Environment:
#
#  EXCEPTION_ACCESS_VIOLATION (0xc0000005) at pc=0x000007fefb771330, pid=22180, tid=22600
#
# JRE version: 7.0_17-b02
# Java VM: Java HotSpot(TM) 64-Bit Server VM (23.7-b01 mixed mode windows-amd64 compressed oops)
# Problematic frame:
# C  [MatrixCalculation.dll+0x1330]  multiply+0xf0
#
# Failed to write core dump. Minidumps are not enabled by default on client versions of Windows
#
# If you would like to submit a bug report, please visit:
#   http://bugreport.sun.com/bugreport/crash.jsp
# The crash happened outside the Java Virtual Machine in native code.
# See problematic frame for where to report the bug.
#

---------------  T H R E A D  ---------------

Current thread (0x000000000041d000):  JavaThread "main" [_thread_in_native, id=22600, stack(0x0000000002ac0000,0x0000000002bc0000)]

siginfo: ExceptionCode=0xc0000005, writing address 0x00000000107c7000

Registers:
RAX=0x0000000000000008, RBX=0x00000000107c7000, RCX=0x00000000109ef400, RDX=0x00000000129ec200
RSP=0x0000000002bbf0a0, RBP=0x0000000000000960, RSI=0x0000000000dbba00, RDI=0x0000000000001678
R8 =0x0000000000000000, R9 =0x000000000000012c, R10=0x000000000000bb80, R11=0x000000000000012c
R12=0x000000000041d1d8, R13=0x000000073cc83328, R14=0x0000000000001770, R15=0x0000000000000177
RIP=0x000007fefb771330, EFLAGS=0x0000000000010246

Top of Stack: (sp=0x0000000002bbf0a0)
0x0000000002bbf0a0:   0000000002bbf1e8 0000000002bbf1f0
0x0000000002bbf0b0:   00000000106a18c0 000007fefb771413
0x0000000002bbf0c0:   0000000002bbf1a8 0000000011c30040
0x0000000002bbf0d0:   00000000109e0040 000000000041d1d8
0x0000000002bbf0e0:   0000000000001770 000000000000012c
0x0000000002bbf0f0:   000000000041d000 0000000002bbf1f8
0x0000000002bbf100:   0000000000000000 0000000002bd23a8
0x0000000002bbf110:   0000000000200001 000000073cc83328
0x0000000002bbf120:   00000000e79906d2 0000000000200021
0x0000000002bbf130:   0000000002bbf1e0 0000000000000190
0x0000000002bbf140:   0000000000001770 000000000000012c
0x0000000002bbf150:   0000000000000000 0000000002bbf1b8
0x0000000002bbf160:   00000000e79906d2 0000000002bbf168
0x0000000002bbf170:   0000000000000000 0000000002bbf1f8
0x0000000002bbf180:   000000073cc83928 0000000000000000
0x0000000002bbf190:   000000073cc83328 0000000000000000 

Instructions: (pc=0x000007fefb771330)
0x000007fefb771310:   45 2b c1 f2 0f 10 01 48 83 c1 08 f2 0f 59 02 49
0x000007fefb771320:   03 d2 f2 0f 58 d0 49 ff c8 75 e8 b8 08 00 00 00
0x000007fefb771330:   f2 0f 11 13 48 2b cd 48 2b c6 48 83 c3 08 48 03
0x000007fefb771340:   d0 48 ff cf 0f 85 56 ff ff ff 49 2b d2 48 03 cd 


Register to memory mapping:

RAX=0x0000000000000008 is an unknown value
RBX=0x00000000107c7000 is an unknown value
RCX=0x00000000109ef400 is an unknown value
RDX=0x00000000129ec200 is an unknown value
RSP=0x0000000002bbf0a0 is pointing into the stack for thread: 0x000000000041d000
RBP=0x0000000000000960 is an unknown value
RSI=0x0000000000dbba00 is an unknown value
RDI=0x0000000000001678 is an unknown value
R8 =0x0000000000000000 is an unknown value
R9 =0x000000000000012c is an unknown value
R10=0x000000000000bb80 is an unknown value
R11=0x000000000000012c is an unknown value
R12=0x000000000041d1d8 is an unknown value
R13=0x000000073cc83328 is an oop
{method} 
 - klass: {other class}
R14=0x0000000000001770 is an unknown value
R15=0x0000000000000177 is an unknown value


Stack: [0x0000000002ac0000,0x0000000002bc0000],  sp=0x0000000002bbf0a0,  free space=1020k
Native frames: (J=compiled Java code, j=interpreted, Vv=VM code, C=native code)
C  [MatrixCalculation.dll+0x1330]  multiply+0xf0

[error occurred during error reporting (printing native stack), id 0xc0000005]

Java frames: (J=compiled Java code, j=interpreted, Vv=VM code)
j  ch.fhnw.prcpp.Matrix.multiplyC([D[D[DIII)V+0
j  ch.fhnw.prcpp.Matrix.multiplyNative(Lch/fhnw/prcpp/Matrix;)Lch/fhnw/prcpp/Matrix;+42
j  ch.fhnw.prcpp.Main.main([Ljava/lang/String;)V+144
v  ~StubRoutines::call_stub

---------------  P R O C E S S  ---------------

Java Threads: ( => current thread )
  0x000000000e7f2000 JavaThread "Service Thread" daemon [_thread_blocked, id=16068, stack(0x0000000010270000,0x0000000010370000)]
  0x000000000e7f1800 JavaThread "C2 CompilerThread1" daemon [_thread_blocked, id=15232, stack(0x0000000010120000,0x0000000010220000)]
  0x000000000e7d8000 JavaThread "C2 CompilerThread0" daemon [_thread_blocked, id=20008, stack(0x000000000f910000,0x000000000fa10000)]
  0x000000000e7d7000 JavaThread "Attach Listener" daemon [_thread_blocked, id=16852, stack(0x000000000ffd0000,0x00000000100d0000)]
  0x000000000e7cf800 JavaThread "Signal Dispatcher" daemon [_thread_blocked, id=19912, stack(0x000000000fe40000,0x000000000ff40000)]
  0x0000000002755000 JavaThread "Finalizer" daemon [_thread_blocked, id=24296, stack(0x000000000fc80000,0x000000000fd80000)]
  0x000000000274e000 JavaThread "Reference Handler" daemon [_thread_blocked, id=24376, stack(0x000000000fa60000,0x000000000fb60000)]
=>0x000000000041d000 JavaThread "main" [_thread_in_native, id=22600, stack(0x0000000002ac0000,0x0000000002bc0000)]

Other Threads:
  0x000000000e753800 VMThread [stack: 0x000000000f7e0000,0x000000000f8e0000] [id=24044]
  0x000000000e805000 WatcherThread [stack: 0x00000000104e0000,0x00000000105e0000] [id=23688]

VM state:not at safepoint (normal execution)

VM Mutex/Monitor currently owned by a thread: None

Heap
 PSYoungGen      total 56832K, used 35663K [0x00000007c0960000, 0x00000007c48c0000, 0x0000000800000000)
  eden space 48768K, 73% used [0x00000007c0960000,0x00000007c2c33c20,0x00000007c3900000)
  from space 8064K, 0% used [0x00000007c40e0000,0x00000007c40e0000,0x00000007c48c0000)
  to   space 8064K, 0% used [0x00000007c3900000,0x00000007c3900000,0x00000007c40e0000)
 ParOldGen       total 129856K, used 0K [0x0000000741c00000, 0x0000000749ad0000, 0x00000007c0960000)
  object space 129856K, 0% used [0x0000000741c00000,0x0000000741c00000,0x0000000749ad0000)
 PSPermGen       total 21248K, used 2603K [0x000000073ca00000, 0x000000073dec0000, 0x0000000741c00000)
  object space 21248K, 12% used [0x000000073ca00000,0x000000073cc8af78,0x000000073dec0000)

Card table byte_map: [0x0000000005bc0000,0x00000000061e0000] byte_map_base: 0x00000000021db000

Polling page: 0x0000000000120000

Code Cache  [0x0000000002bc0000, 0x0000000002e30000, 0x0000000005bc0000)
 total_blobs=195 nmethods=11 adapters=136 free_code_cache=48752Kb largest_free_block=49899904

Compilation events (10 events):
Event: 0.115 Thread 0x000000000e7f1800 nmethod 6 0x0000000002c21610 code [0x0000000002c21780, 0x0000000002c218f8]
Event: 0.120 Thread 0x000000000e7d8000 nmethod 1% 0x0000000002c23b10 code [0x0000000002c23ca0, 0x0000000002c24078]
Event: 0.177 Thread 0x000000000e7f1800    7             ch.fhnw.prcpp.Matrix::<init> (50 bytes)
Event: 0.182 Thread 0x000000000e7f1800 nmethod 7 0x0000000002c22e10 code [0x0000000002c22f80, 0x0000000002c23278]
Event: 0.244 Thread 0x000000000e7d8000    2 %           ch.fhnw.prcpp.Matrix::multiplyJ @ 28 (88 bytes)
Event: 0.249 Thread 0x000000000e7d8000 nmethod 2% 0x0000000002c202d0 code [0x0000000002c20420, 0x0000000002c20a98]
Event: 0.259 Thread 0x000000000e7f1800    3 %           ch.fhnw.prcpp.Matrix::multiplyJ @ 28 (88 bytes)
Event: 0.265 Thread 0x000000000e7f1800 nmethod 3% 0x0000000002c21c50 code [0x0000000002c21da0, 0x0000000002c22498]
Event: 4.256 Thread 0x000000000e7d8000    4 %           ch.fhnw.prcpp.Matrix::<init> @ 29 (51 bytes)
Event: 4.259 Thread 0x000000000e7d8000 nmethod 4% 0x0000000002c23610 code [0x0000000002c23760, 0x0000000002c23978]

GC Heap History (0 events):
No events

Deoptimization events (1 events):
Event: 0.259 Thread 0x000000000041d000 Uncommon trap -83 fr.pc 0x0000000002c208d8

Internal exceptions (3 events):
Event: 0.034 Thread 0x000000000041d000 Threw 0x00000007c09661a8 at C:\jdk7u2_64p\jdk7u17\hotspot\src\share\vm\prims\jni.cpp:3994
Event: 0.071 Thread 0x000000000041d000 Threw 0x00000007c09b1d68 at C:\jdk7u2_64p\jdk7u17\hotspot\src\share\vm\prims\jvm.cpp:1166
Event: 0.075 Thread 0x000000000041d000 Threw 0x00000007c09b7ad0 at C:\jdk7u2_64p\jdk7u17\hotspot\src\share\vm\prims\jvm.cpp:1166

Events (10 events):
Event: 0.075 loading class 0x00000000027187d0
Event: 0.075 loading class 0x00000000027187d0 done
Event: 0.091 loading class 0x000000000273ddc0
Event: 0.091 loading class 0x000000000273ddc0 done
Event: 0.091 loading class 0x000000000e80e4d0
Event: 0.091 loading class 0x000000000e80e4d0 done
Event: 0.259 Thread 0x000000000041d000 DEOPT PACKING pc=0x0000000002c208d8 sp=0x0000000002bbf120
Event: 0.259 Thread 0x000000000041d000 DEOPT UNPACKING pc=0x0000000002bf9164 sp=0x0000000002bbf110 mode 2
Event: 4.076 Executing VM operation: EnableBiasedLocking
Event: 4.076 Executing VM operation: EnableBiasedLocking done


Dynamic libraries:
0x000000013fac0000 - 0x000000013faf3000 	C:\Program Files\Java\jre7\bin\javaw.exe
0x0000000077810000 - 0x00000000779b9000 	C:\Windows\SYSTEM32\ntdll.dll
0x00000000775f0000 - 0x000000007770f000 	C:\Windows\system32\kernel32.dll
0x000007fefd6e0000 - 0x000007fefd74b000 	C:\Windows\system32\KERNELBASE.dll
0x000007fefe3a0000 - 0x000007fefe47b000 	C:\Windows\system32\ADVAPI32.dll
0x000007fefe300000 - 0x000007fefe39f000 	C:\Windows\system32\msvcrt.dll
0x000007fefe9a0000 - 0x000007fefe9bf000 	C:\Windows\SYSTEM32\sechost.dll
0x000007fefe9c0000 - 0x000007fefeaed000 	C:\Windows\system32\RPCRT4.dll
0x0000000077710000 - 0x000000007780a000 	C:\Windows\system32\USER32.dll
0x000007fefdd90000 - 0x000007fefddf7000 	C:\Windows\system32\GDI32.dll
0x000007fefe990000 - 0x000007fefe99e000 	C:\Windows\system32\LPK.dll
0x000007fefda30000 - 0x000007fefdaf9000 	C:\Windows\system32\USP10.dll
0x000007fefc7c0000 - 0x000007fefc9b4000 	C:\Windows\WinSxS\amd64_microsoft.windows.common-controls_6595b64144ccf1df_6.0.7601.17514_none_fa396087175ac9ac\COMCTL32.dll
0x000007fefdb00000 - 0x000007fefdb71000 	C:\Windows\system32\SHLWAPI.dll
0x000007fefe5b0000 - 0x000007fefe5de000 	C:\Windows\system32\IMM32.DLL
0x000007fefe090000 - 0x000007fefe199000 	C:\Windows\system32\MSCTF.dll
0x000007fefd5b0000 - 0x000007fefd5f0000 	C:\Windows\system32\nvinitx.dll
0x000000000f000000 - 0x000000000f006000 	C:\Program Files\NVIDIA Corporation\CoProcManager\_etoured.dll
0x000007fef8fc0000 - 0x000007fef9014000 	C:\Program Files\NVIDIA Corporation\CoProcManager\nvd3d9wrapx.dll
0x000007fefeaf0000 - 0x000007fefecc7000 	C:\Windows\system32\SETUPAPI.dll
0x000007fefd850000 - 0x000007fefd886000 	C:\Windows\system32\CFGMGR32.dll
0x000007fefe4d0000 - 0x000007fefe5a7000 	C:\Windows\system32\OLEAUT32.dll
0x000007fefdb80000 - 0x000007fefdd83000 	C:\Windows\system32\ole32.dll
0x000007fefd830000 - 0x000007fefd84a000 	C:\Windows\system32\DEVOBJ.dll
0x000007fef8f70000 - 0x000007fef8fb3000 	C:\Program Files\NVIDIA Corporation\CoProcManager\nvdxgiwrapx.dll
0x0000000066700000 - 0x00000000667d1000 	C:\Program Files\Java\jre7\bin\msvcr100.dll
0x00000000606f0000 - 0x0000000060e0f000 	C:\Program Files\Java\jre7\bin\server\jvm.dll
0x000007fef9030000 - 0x000007fef9039000 	C:\Windows\system32\WSOCK32.dll
0x000007fefe480000 - 0x000007fefe4cd000 	C:\Windows\system32\WS2_32.dll
0x000007fefda20000 - 0x000007fefda28000 	C:\Windows\system32\NSI.dll
0x000007fef8e40000 - 0x000007fef8e7b000 	C:\Windows\system32\WINMM.dll
0x00000000779e0000 - 0x00000000779e7000 	C:\Windows\system32\PSAPI.DLL
0x0000000074e90000 - 0x0000000074e9f000 	C:\Program Files\Java\jre7\bin\verify.dll
0x0000000074e60000 - 0x0000000074e88000 	C:\Program Files\Java\jre7\bin\java.dll
0x0000000074e40000 - 0x0000000074e55000 	C:\Program Files\Java\jre7\bin\zip.dll
0x000007fefb770000 - 0x000007fefb778000 	D:\Users\chregi\Documents\GitHub\FHNW-Java-Projekte\prcpp\MatrixCalculation\x64\Release\MatrixCalculation.dll
0x000007feedb60000 - 0x000007feedc07000 	C:\Windows\system32\MSVCP110.dll
0x000007feedef0000 - 0x000007feedfc4000 	C:\Windows\system32\MSVCR110.dll
0x000007fef5be0000 - 0x000007fef5d05000 	C:\Windows\system32\dbghelp.dll

VM Arguments:
jvm_args: -Djava.library.path=D:\Users\chregi\Documents\GitHub\FHNW-Java-Projekte\prcpp\MatrixCalculation\x64\Release -Dfile.encoding=Cp1252 
java_command: ch.fhnw.prcpp.Main
Launcher Type: SUN_STANDARD

Environment Variables:
JAVA_HOME=C:\Program Files\Java\jdk1.7.0_17
JRE_HOME=C:\Program Files\Java\jre7
CLASSPATH=.;C:\Program Files (x86)\Java\jre7\lib\ext\QTJava.zip
PATH=C:\Program Files\Common Files\Microsoft Shared\Windows Live;C:\Program Files (x86)\Common Files\Microsoft Shared\Windows Live;C:\Program Files (x86)\Haskell\bin;C:\Program Files (x86)\Haskell Platform\2012.4.0.0\lib\extralibs\bin;C:\Program Files (x86)\Haskell Platform\2012.4.0.0\bin;C:\Python33\;C:\Windows\system32;C:\Windows;C:\Windows\System32\Wbem;C:\Windows\System32\WindowsPowerShell\v1.0\;C:\Program Files\Intel\WiFi\bin\;C:\Program Files\Common Files\Intel\WirelessCommon\;C:\Program Files\ThinkPad\Bluetooth Software\;C:\Program Files\ThinkPad\Bluetooth Software\syswow64;C:\Program Files\Broadcom\WHL\;C:\Program Files\Broadcom\WHL\syswow64;C:\Program Files\Broadcom\WHL\SysWow64\;C:\Program Files\Broadcom\WHL\SysWow64\syswow64;C:\Program Files (x86)\Common Files\Lenovo;C:\Program Files\Common Files\Lenovo;C:\Program Files (x86)\Windows Live\Shared;C:\SWTOOLS\ReadyApps;C:\Program Files (x86)\Intel\Services\IPT\;C:\Program Files (x86)\Symantec\VIP Access Client\;C:\Program Files (x86)\MATLAB\R2011a Student\bin;C:\Program Files (x86)\MiKTeX 2.9\miktex\bin\;C:\Program Files\Microsoft\Web Platform Installer\;C:\Program Files (x86)\Microsoft ASP.NET\ASP.NET Web Pages\v1.0\;C:\Program Files (x86)\Windows Kits\8.0\Windows Performance Toolkit\;C:\Program Files\Microsoft SQL Server\110\Tools\Binn\;C:\Program Files\Java\jdk1.7.0\bin;C:\Program Files\Ant\apache-ant-1.8.4\bin;C:\Program Files (x86)\Haskell Platform\2012.4.0.0\mingw\bin;C:\Program Files (x86)\QuickTime\QTSystem\;C:\Program Files\TortoiseSVN\bin;C:\Program Files\nodejs\;C:\Users\chregi\AppData\Roaming\cabal\bin;C:\Program Files (x86)\Nmap;C:\xampp\mysql\bin;C:\tomcat\apache-tomcat-7.0.37\bin;C:\Program Files\Java\jdk1.7.0_17\bin;C:\Program Files\Java\jre7\bin;C:\Program Files\curl;C:\Program Files (x86)\sqlite;C:\adt\adt-bundle-windows-x86_64-20130522\sdk\platform-tools;C:\Users\chregi\AppData\Roaming\npm
USERNAME=chregi
OS=Windows_NT
PROCESSOR_IDENTIFIER=Intel64 Family 6 Model 42 Stepping 7, GenuineIntel



---------------  S Y S T E M  ---------------

OS: Windows 7 , 64 bit Build 7601 Service Pack 1

CPU:total 4 (2 cores per cpu, 2 threads per core) family 6 model 42 stepping 7, cmov, cx8, fxsr, mmx, sse, sse2, sse3, ssse3, sse4.1, sse4.2, popcnt, avx, ht, tsc, tscinvbit

Memory: 4k page, physical 12462320k(6407984k free), swap 24922776k(18220172k free)

vm_info: Java HotSpot(TM) 64-Bit Server VM (23.7-b01) for windows-amd64 JRE (1.7.0_17-b02), built on Mar  1 2013 03:38:30 by "java_re" with unknown MS VC++:1600

time: Fri Nov 08 16:32:00 2013
elapsed time: 4 seconds

