D:\USERS\CHREGI\DOCUMENTS\GITHUB\FHNW-JAVA-PROJEKTE\PRCPP\MATRIXCALCULATION\MATRIXCALCULATION\X64\RELEASE\MAIN.OBJ
D:\USERS\CHREGI\DOCUMENTS\GITHUB\FHNW-JAVA-PROJEKTE\PRCPP\MATRIXCALCULATION\MATRIXCALCULATION\X64\RELEASE\VC110.PDB
D:\USERS\CHREGI\DOCUMENTS\GITHUB\FHNW-JAVA-PROJEKTE\PRCPP\MATRIXCALCULATION\X64\RELEASE\MATRIXCALCULATION.DLL
D:\USERS\CHREGI\DOCUMENTS\GITHUB\FHNW-JAVA-PROJEKTE\PRCPP\MATRIXCALCULATION\X64\RELEASE\MATRIXCALCULATION.PDB
D:\Users\chregi\Documents\GitHub\FHNW-Java-Projekte\prcpp\MatrixCalculation\x64\Release\MatrixCalculation.lib
D:\Users\chregi\Documents\GitHub\FHNW-Java-Projekte\prcpp\MatrixCalculation\x64\Release\MatrixCalculation.exp
D:\Users\chregi\Documents\GitHub\FHNW-Java-Projekte\prcpp\MatrixCalculation\MatrixCalculation\x64\Release\Main.obj
D:\Users\chregi\Documents\GitHub\FHNW-Java-Projekte\prcpp\MatrixCalculation\MatrixCalculation\x64\Release\cl.command.1.tlog
D:\Users\chregi\Documents\GitHub\FHNW-Java-Projekte\prcpp\MatrixCalculation\MatrixCalculation\x64\Release\CL.read.1.tlog
D:\Users\chregi\Documents\GitHub\FHNW-Java-Projekte\prcpp\MatrixCalculation\MatrixCalculation\x64\Release\CL.write.1.tlog
D:\Users\chregi\Documents\GitHub\FHNW-Java-Projekte\prcpp\MatrixCalculation\MatrixCalculation\x64\Release\link-cvtres.read.1.tlog
D:\Users\chregi\Documents\GitHub\FHNW-Java-Projekte\prcpp\MatrixCalculation\MatrixCalculation\x64\Release\link-cvtres.write.1.tlog
D:\Users\chregi\Documents\GitHub\FHNW-Java-Projekte\prcpp\MatrixCalculation\MatrixCalculation\x64\Release\link-rc.read.1.tlog
D:\Users\chregi\Documents\GitHub\FHNW-Java-Projekte\prcpp\MatrixCalculation\MatrixCalculation\x64\Release\link-rc.write.1.tlog
D:\Users\chregi\Documents\GitHub\FHNW-Java-Projekte\prcpp\MatrixCalculation\MatrixCalculation\x64\Release\link.command.1.tlog
D:\Users\chregi\Documents\GitHub\FHNW-Java-Projekte\prcpp\MatrixCalculation\MatrixCalculation\x64\Release\link.read.1.tlog
D:\Users\chregi\Documents\GitHub\FHNW-Java-Projekte\prcpp\MatrixCalculation\MatrixCalculation\x64\Release\link.write.1.tlog
D:\Users\chregi\Documents\GitHub\FHNW-Java-Projekte\prcpp\MatrixCalculation\MatrixCalculation\x64\Release\MatrixCalculation.write.1.tlog
D:\Users\chregi\Documents\GitHub\FHNW-Java-Projekte\prcpp\MatrixCalculation\MatrixCalculation\x64\Release\vc110.pdb
D:\Users\chregi\Documents\GitHub\FHNW-Java-Projekte\prcpp\MatrixCalculation\x64\Release\MatrixCalculation.pdb
D:\Users\chregi\Documents\GitHub\FHNW-Java-Projekte\prcpp\MatrixCalculation\x64\Release\MatrixCalculation.dll
