#
# A fatal error has been detected by the Java Runtime Environment:
#
#  EXCEPTION_ACCESS_VIOLATION (0xc0000005) at pc=0x63ac033d, pid=151916, tid=154616
#
# JRE version: Java(TM) SE Runtime Environment (8.0_25-b18) (build 1.8.0_25-b18)
# Java VM: Java HotSpot(TM) Client VM (25.25-b02 mixed mode windows-x86 )
# Problematic frame:
# V  [jvm.dll+0xc033d]
#
# Failed to write core dump. Minidumps are not enabled by default on client versions of Windows
#
# If you would like to submit a bug report, please visit:
#   http://bugreport.sun.com/bugreport/crash.jsp
#

---------------  T H R E A D  ---------------

Current thread (0x14e8d000):  JavaThread "JDWP Transport Listener: dt_socket" daemon [_thread_in_vm, id=154616, stack(0x14dd0000,0x14e20000)]

siginfo: ExceptionCode=0xc0000005, reading address 0x656c6665

Registers:
EAX=0x656c6665, EBX=0x00000000, ECX=0x656c6665, EDX=0x00000000
ESP=0x14e1f718, EBP=0x14e1f71c, ESI=0x14e8d000, EDI=0x00e79868
EIP=0x63ac033d, EFLAGS=0x00010206

Top of Stack: (sp=0x14e1f718)
0x14e1f718:   14e8d000 14e1f744 63c16984 656c6665
0x14e1f728:   14e1f7fc 14e1f77f 14e8d000 00000000
0x14e1f738:   00000000 00000000 14e8d000 14e1f780
0x14e1f748:   63859f7b 00e79868 656c6665 14e1f77f
0x14e1f758:   656c6665 6384436d 656c6665 14e1f77f
0x14e1f768:   00000003 00000000 00000000 00000001
0x14e1f778:   00000000 000293dc 14e1f7a0 638444e0
0x14e1f788:   00000001 14e1f7bc 14e1f7f8 163d5b10 

Instructions: (pc=0x63ac033d)
0x63ac031d:   5d c3 52 e8 bb f7 ff ff 5d c3 cc cc cc cc cc cc
0x63ac032d:   cc cc cc 55 8b ec 8b 45 08 85 c0 75 02 5d c3 56
0x63ac033d:   8b 30 85 f6 74 17 83 fe 37 74 12 8b 06 8b 50 08
0x63ac034d:   8b ce ff d2 84 c0 74 05 8b c6 5e 5d c3 33 c0 5e 


Register to memory mapping:

EAX=0x656c6665 is an unknown value
EBX=0x00000000 is an unknown value
ECX=0x656c6665 is an unknown value
EDX=0x00000000 is an unknown value
ESP=0x14e1f718 is pointing into the stack for thread: 0x14e8d000
EBP=0x14e1f71c is pointing into the stack for thread: 0x14e8d000
ESI=0x14e8d000 is a thread
EDI=0x00e79868 is an unknown value


Stack: [0x14dd0000,0x14e20000],  sp=0x14e1f718,  free space=317k
Native frames: (J=compiled Java code, j=interpreted, Vv=VM code, C=native code)
V  [jvm.dll+0xc033d]
V  [jvm.dll+0x216984]
C  [jdwp.dll+0x19f7b]
C  [jdwp.dll+0x44e0]
C  [jdwp.dll+0x451e]
C  0x6f726f76


---------------  P R O C E S S  ---------------

Java Threads: ( => current thread )
  0x00e7d800 JavaThread "DestroyJavaVM" [_thread_blocked, id=152844, stack(0x00380000,0x003d0000)]
  0x14fce800 JavaThread "AWT-EventQueue-0" [_thread_blocked, id=153548, stack(0x15d70000,0x15dc0000)]
  0x14fbac00 JavaThread "AWT-Windows" daemon [_thread_in_native, id=154352, stack(0x00f10000,0x00f60000)]
  0x14fb7000 JavaThread "AWT-Shutdown" [_thread_blocked, id=154276, stack(0x15ab0000,0x15b00000)]
  0x14fb2400 JavaThread "Java2D Disposer" daemon [_thread_blocked, id=152856, stack(0x15b00000,0x15b50000)]
  0x14ec3c00 JavaThread "Service Thread" daemon [_thread_blocked, id=154460, stack(0x15560000,0x155b0000)]
  0x14ea5400 JavaThread "C1 CompilerThread0" daemon [_thread_blocked, id=154268, stack(0x156e0000,0x15730000)]
  0x14e9a000 JavaThread "JDWP Command Reader" daemon [_thread_in_native, id=151808, stack(0x152f0000,0x15340000)]
  0x14e99000 JavaThread "JDWP Event Helper Thread" daemon [_thread_blocked, id=153856, stack(0x15030000,0x15080000)]
=>0x14e8d000 JavaThread "JDWP Transport Listener: dt_socket" daemon [_thread_in_vm, id=154616, stack(0x14dd0000,0x14e20000)]
  0x14e86800 JavaThread "Attach Listener" daemon [_thread_blocked, id=154356, stack(0x14ca0000,0x14cf0000)]
  0x14e8ec00 JavaThread "Signal Dispatcher" daemon [_thread_blocked, id=154204, stack(0x14d70000,0x14dc0000)]
  0x14e51800 JavaThread "Finalizer" daemon [_thread_blocked, id=154112, stack(0x14d00000,0x14d50000)]
  0x14e4c800 JavaThread "Reference Handler" daemon [_thread_blocked, id=150200, stack(0x00f60000,0x00fb0000)]

Other Threads:
  0x14e48c00 VMThread [stack: 0x00d40000,0x00d90000] [id=150540]
  0x14ec4c00 WatcherThread [stack: 0x15640000,0x15690000] [id=154160]

VM state:not at safepoint (normal execution)

VM Mutex/Monitor currently owned by a thread: None

Heap:
 def new generation   total 4928K, used 2025K [0x04800000, 0x04d50000, 0x09d50000)
  eden space 4416K,  44% used [0x04800000, 0x049eff98, 0x04c50000)
  from space 512K,   8% used [0x04c50000, 0x04c5a5f8, 0x04cd0000)
  to   space 512K,   0% used [0x04cd0000, 0x04cd0000, 0x04d50000)
 tenured generation   total 10944K, used 1682K [0x09d50000, 0x0a800000, 0x14800000)
   the space 10944K,  15% used [0x09d50000, 0x09ef4850, 0x09ef4a00, 0x0a800000)
 Metaspace       used 5285K, capacity 5411K, committed 5504K, reserved 5504K

Card table byte_map: [0x00e80000,0x00f10000] byte_map_base: 0x00e5c000

Polling page: 0x00130000

CodeCache: size=32768Kb used=913Kb max_used=913Kb free=31854Kb
 bounds [0x02800000, 0x028e8000, 0x04800000]
 total_blobs=434 nmethods=232 adapters=142
 compilation: enabled

Compilation events (10 events):
Event: 8.895 Thread 0x14ea5400  229             sun.awt.AWTAccessor::getComponentAccessor (18 bytes)
Event: 8.896 Thread 0x14ea5400 nmethod 229 0x028e2b88 code [0x028e2c90, 0x028e2d2c]
Event: 25.670 Thread 0x14ea5400  230             java.security.AccessControlContext::combine (205 bytes)
Event: 25.672 Thread 0x14ea5400 nmethod 230 0x028e2d88 code [0x028e2ec0, 0x028e3388]
Event: 30.982 Thread 0x14ea5400  231             java.security.AccessControlContext::calculateFields (89 bytes)
Event: 30.982 Thread 0x14ea5400 nmethod 231 0x028e3708 code [0x028e3820, 0x028e3988]
Event: 30.989 Thread 0x14ea5400  232             sun.awt.SunToolkit::getAppContext (42 bytes)
Event: 30.990 Thread 0x14ea5400 nmethod 232 0x028e3a88 code [0x028e3bd0, 0x028e3dd4]
Event: 30.990 Thread 0x14ea5400  233             sun.awt.SunToolkit::targetToAppContext (36 bytes)
Event: 30.991 Thread 0x14ea5400 nmethod 233 0x028e3f48 code [0x028e4080, 0x028e4374]

GC Heap History (8 events):
Event: 1.451 GC heap before
{Heap before GC invocations=0 (full 0):
 def new generation   total 4928K, used 4415K [0x04800000, 0x04d50000, 0x09d50000)
  eden space 4416K,  99% used [0x04800000, 0x04c4fff0, 0x04c50000)
  from space 512K,   0% used [0x04c50000, 0x04c50000, 0x04cd0000)
  to   space 512K,   0% used [0x04cd0000, 0x04cd0000, 0x04d50000)
 tenured generation   total 10944K, used 0K [0x09d50000, 0x0a800000, 0x14800000)
   the space 10944K,   0% used [0x09d50000, 0x09d50000, 0x09d50200, 0x0a800000)
 Metaspace       used 5224K, capacity 5337K, committed 5376K, reserved 5504K
Event: 1.455 GC heap after
Heap after GC invocations=1 (full 0):
 def new generation   total 4928K, used 512K [0x04800000, 0x04d50000, 0x09d50000)
  eden space 4416K,   0% used [0x04800000, 0x04800000, 0x04c50000)
  from space 512K, 100% used [0x04cd0000, 0x04d50000, 0x04d50000)
  to   space 512K,   0% used [0x04c50000, 0x04c50000, 0x04cd0000)
 tenured generation   total 10944K, used 1171K [0x09d50000, 0x0a800000, 0x14800000)
   the space 10944K,  10% used [0x09d50000, 0x09e74c50, 0x09e74e00, 0x0a800000)
 Metaspace       used 5224K, capacity 5337K, committed 5376K, reserved 5504K
}
Event: 3.246 GC heap before
{Heap before GC invocations=1 (full 0):
 def new generation   total 4928K, used 4927K [0x04800000, 0x04d50000, 0x09d50000)
  eden space 4416K,  99% used [0x04800000, 0x04c4fff8, 0x04c50000)
  from space 512K, 100% used [0x04cd0000, 0x04d50000, 0x04d50000)
  to   space 512K,   0% used [0x04c50000, 0x04c50000, 0x04cd0000)
 tenured generation   total 10944K, used 1171K [0x09d50000, 0x0a800000, 0x14800000)
   the space 10944K,  10% used [0x09d50000, 0x09e74c50, 0x09e74e00, 0x0a800000)
 Metaspace       used 5239K, capacity 5342K, committed 5376K, reserved 5504K
Event: 3.247 GC heap after
Heap after GC invocations=2 (full 0):
 def new generation   total 4928K, used 41K [0x04800000, 0x04d50000, 0x09d50000)
  eden space 4416K,   0% used [0x04800000, 0x04800000, 0x04c50000)
  from space 512K,   8% used [0x04c50000, 0x04c5a4b0, 0x04cd0000)
  to   space 512K,   0% used [0x04cd0000, 0x04cd0000, 0x04d50000)
 tenured generation   total 10944K, used 1682K [0x09d50000, 0x0a800000, 0x14800000)
   the space 10944K,  15% used [0x09d50000, 0x09ef4850, 0x09ef4a00, 0x0a800000)
 Metaspace       used 5239K, capacity 5342K, committed 5376K, reserved 5504K
}
Event: 5.957 GC heap before
{Heap before GC invocations=2 (full 0):
 def new generation   total 4928K, used 4457K [0x04800000, 0x04d50000, 0x09d50000)
  eden space 4416K,  99% used [0x04800000, 0x04c4fff0, 0x04c50000)
  from space 512K,   8% used [0x04c50000, 0x04c5a4b0, 0x04cd0000)
  to   space 512K,   0% used [0x04cd0000, 0x04cd0000, 0x04d50000)
 tenured generation   total 10944K, used 1682K [0x09d50000, 0x0a800000, 0x14800000)
   the space 10944K,  15% used [0x09d50000, 0x09ef4850, 0x09ef4a00, 0x0a800000)
 Metaspace       used 5246K, capacity 5342K, committed 5376K, reserved 5504K
Event: 5.957 GC heap after
Heap after GC invocations=3 (full 0):
 def new generation   total 4928K, used 42K [0x04800000, 0x04d50000, 0x09d50000)
  eden space 4416K,   0% used [0x04800000, 0x04800000, 0x04c50000)
  from space 512K,   8% used [0x04cd0000, 0x04cda870, 0x04d50000)
  to   space 512K,   0% used [0x04c50000, 0x04c50000, 0x04cd0000)
 tenured generation   total 10944K, used 1682K [0x09d50000, 0x0a800000, 0x14800000)
   the space 10944K,  15% used [0x09d50000, 0x09ef4850, 0x09ef4a00, 0x0a800000)
 Metaspace       used 5246K, capacity 5342K, committed 5376K, reserved 5504K
}
Event: 6.308 GC heap before
{Heap before GC invocations=3 (full 0):
 def new generation   total 4928K, used 4458K [0x04800000, 0x04d50000, 0x09d50000)
  eden space 4416K, 100% used [0x04800000, 0x04c50000, 0x04c50000)
  from space 512K,   8% used [0x04cd0000, 0x04cda870, 0x04d50000)
  to   space 512K,   0% used [0x04c50000, 0x04c50000, 0x04cd0000)
 tenured generation   total 10944K, used 1682K [0x09d50000, 0x0a800000, 0x14800000)
   the space 10944K,  15% used [0x09d50000, 0x09ef4850, 0x09ef4a00, 0x0a800000)
 Metaspace       used 5246K, capacity 5342K, committed 5376K, reserved 5504K
Event: 6.308 GC heap after
Heap after GC invocations=4 (full 0):
 def new generation   total 4928K, used 41K [0x04800000, 0x04d50000, 0x09d50000)
  eden space 4416K,   0% used [0x04800000, 0x04800000, 0x04c50000)
  from space 512K,   8% used [0x04c50000, 0x04c5a5f8, 0x04cd0000)
  to   space 512K,   0% used [0x04cd0000, 0x04cd0000, 0x04d50000)
 tenured generation   total 10944K, used 1682K [0x09d50000, 0x0a800000, 0x14800000)
   the space 10944K,  15% used [0x09d50000, 0x09ef4850, 0x09ef4a00, 0x0a800000)
 Metaspace       used 5246K, capacity 5342K, committed 5376K, reserved 5504K
}

Deoptimization events (0 events):
No events

Internal exceptions (10 events):
Event: 0.231 Thread 0x14fce800 Exception <a 'java/security/PrivilegedActionException'> (0x04a6c970) thrown at [C:\re\workspace\8-2-build-windows-i586-cygwin\jdk8u25\1677\hotspot\src\share\vm\prims\jvm.cpp, line 1312]
Event: 0.231 Thread 0x14fce800 Exception <a 'java/security/PrivilegedActionException'> (0x04a6e068) thrown at [C:\re\workspace\8-2-build-windows-i586-cygwin\jdk8u25\1677\hotspot\src\share\vm\prims\jvm.cpp, line 1312]
Event: 0.240 Thread 0x14fce800 Exception <a 'java/security/PrivilegedActionException'> (0x04a8f518) thrown at [C:\re\workspace\8-2-build-windows-i586-cygwin\jdk8u25\1677\hotspot\src\share\vm\prims\jvm.cpp, line 1312]
Event: 0.246 Thread 0x14fce800 Exception <a 'java/security/PrivilegedActionException'> (0x04a963c0) thrown at [C:\re\workspace\8-2-build-windows-i586-cygwin\jdk8u25\1677\hotspot\src\share\vm\prims\jvm.cpp, line 1312]
Event: 0.247 Thread 0x14fce800 Exception <a 'java/security/PrivilegedActionException'> (0x04a98468) thrown at [C:\re\workspace\8-2-build-windows-i586-cygwin\jdk8u25\1677\hotspot\src\share\vm\prims\jvm.cpp, line 1312]
Event: 0.249 Thread 0x14fce800 Exception <a 'java/security/PrivilegedActionException'> (0x04a9a3c0) thrown at [C:\re\workspace\8-2-build-windows-i586-cygwin\jdk8u25\1677\hotspot\src\share\vm\prims\jvm.cpp, line 1312]
Event: 0.251 Thread 0x14fce800 Exception <a 'java/security/PrivilegedActionException'> (0x04a9c538) thrown at [C:\re\workspace\8-2-build-windows-i586-cygwin\jdk8u25\1677\hotspot\src\share\vm\prims\jvm.cpp, line 1312]
Event: 1.244 Thread 0x14fce800 Exception <a 'java/security/PrivilegedActionException'> (0x04b98600) thrown at [C:\re\workspace\8-2-build-windows-i586-cygwin\jdk8u25\1677\hotspot\src\share\vm\prims\jvm.cpp, line 1312]
Event: 3.558 Thread 0x14fce800 Exception <a 'java/security/PrivilegedActionException'> (0x04aa7d70) thrown at [C:\re\workspace\8-2-build-windows-i586-cygwin\jdk8u25\1677\hotspot\src\share\vm\prims\jvm.cpp, line 1312]
Event: 3.559 Thread 0x14fce800 Exception <a 'java/security/PrivilegedActionException'> (0x04aa9df8) thrown at [C:\re\workspace\8-2-build-windows-i586-cygwin\jdk8u25\1677\hotspot\src\share\vm\prims\jvm.cpp, line 1312]

Events (10 events):
Event: 329.130 Executing VM operation: GetCurrentLocation
Event: 329.130 Executing VM operation: GetCurrentLocation done
Event: 329.130 Executing VM operation: EnterInterpOnlyMode
Event: 329.130 Executing VM operation: EnterInterpOnlyMode done
Event: 329.130 Executing VM operation: ChangeSingleStep
Event: 329.130 Executing VM operation: ChangeSingleStep done
Event: 329.130 Executing VM operation: ChangeSingleStep
Event: 329.130 Executing VM operation: ChangeSingleStep done
Event: 329.137 Executing VM operation: RedefineClasses
Event: 329.138 Executing VM operation: RedefineClasses done


Dynamic libraries:
0x013d0000 - 0x01400000 	C:\Program Files (x86)\Java\jre1.8.0_25\bin\javaw.exe
0x77610000 - 0x77790000 	C:\Windows\SysWOW64\ntdll.dll
0x75de0000 - 0x75ef0000 	C:\Windows\syswow64\kernel32.dll
0x75ad0000 - 0x75b17000 	C:\Windows\syswow64\KERNELBASE.dll
0x75470000 - 0x75510000 	C:\Windows\syswow64\ADVAPI32.dll
0x757a0000 - 0x7584c000 	C:\Windows\syswow64\msvcrt.dll
0x771f0000 - 0x77209000 	C:\Windows\SysWOW64\sechost.dll
0x760e0000 - 0x761d0000 	C:\Windows\syswow64\RPCRT4.dll
0x75000000 - 0x75060000 	C:\Windows\syswow64\SspiCli.dll
0x74ff0000 - 0x74ffc000 	C:\Windows\syswow64\CRYPTBASE.dll
0x75850000 - 0x75950000 	C:\Windows\syswow64\USER32.dll
0x756c0000 - 0x75750000 	C:\Windows\syswow64\GDI32.dll
0x75750000 - 0x7575a000 	C:\Windows\syswow64\LPK.dll
0x75230000 - 0x752cd000 	C:\Windows\syswow64\USP10.dll
0x710a0000 - 0x7123e000 	C:\Windows\WinSxS\x86_microsoft.windows.common-controls_6595b64144ccf1df_6.0.7601.17514_none_41e6975e2bd6f2b2\COMCTL32.dll
0x75540000 - 0x75597000 	C:\Windows\syswow64\SHLWAPI.dll
0x75fd0000 - 0x76030000 	C:\Windows\system32\IMM32.DLL
0x77080000 - 0x7714c000 	C:\Windows\syswow64\MSCTF.dll
0x74d00000 - 0x74d35000 	C:\Windows\SysWOW64\nvinit.dll
0x63db0000 - 0x63e6f000 	C:\Program Files (x86)\Java\jre1.8.0_25\bin\msvcr100.dll
0x63a00000 - 0x63da4000 	C:\Program Files (x86)\Java\jre1.8.0_25\bin\client\jvm.dll
0x71ec0000 - 0x71ec7000 	C:\Windows\system32\WSOCK32.dll
0x76040000 - 0x76075000 	C:\Windows\syswow64\WS2_32.dll
0x75760000 - 0x75766000 	C:\Windows\syswow64\NSI.dll
0x733b0000 - 0x733e2000 	C:\Windows\system32\WINMM.dll
0x75bb0000 - 0x75bb5000 	C:\Windows\syswow64\PSAPI.DLL
0x6e100000 - 0x6e10c000 	C:\Program Files (x86)\Java\jre1.8.0_25\bin\verify.dll
0x6e0a0000 - 0x6e0c1000 	C:\Program Files (x86)\Java\jre1.8.0_25\bin\java.dll
0x63840000 - 0x63869000 	C:\Program Files (x86)\Java\jre1.8.0_25\bin\jdwp.dll
0x6d9e0000 - 0x6d9e7000 	C:\Program Files (x86)\Java\jre1.8.0_25\bin\npt.dll
0x6e080000 - 0x6e093000 	C:\Program Files (x86)\Java\jre1.8.0_25\bin\zip.dll
0x76430000 - 0x7707a000 	C:\Windows\syswow64\SHELL32.dll
0x75970000 - 0x75acc000 	C:\Windows\syswow64\ole32.dll
0x76410000 - 0x7641b000 	C:\Windows\syswow64\profapi.dll
0x6d920000 - 0x6d928000 	C:\Program Files (x86)\Java\jre1.8.0_25\bin\dt_socket.dll
0x70240000 - 0x70250000 	C:\Windows\system32\NLAapi.dll
0x70230000 - 0x70240000 	C:\Windows\system32\napinsp.dll
0x70210000 - 0x70222000 	C:\Windows\system32\pnrpnsp.dll
0x71e60000 - 0x71e9c000 	C:\Windows\System32\mswsock.dll
0x701c0000 - 0x70204000 	C:\Windows\system32\DNSAPI.dll
0x701b0000 - 0x701b8000 	C:\Windows\System32\winrnr.dll
0x701a0000 - 0x701ad000 	C:\Windows\system32\wshbth.dll
0x70170000 - 0x70191000 	C:\Program Files (x86)\Bonjour\mdnsNSP.dll
0x71b20000 - 0x71b3c000 	C:\Windows\system32\Iphlpapi.DLL
0x71b10000 - 0x71b17000 	C:\Windows\system32\WINNSI.DLL
0x70140000 - 0x70167000 	C:\Program Files (x86)\Common Files\Microsoft Shared\Windows Live\WLIDNSP.DLL
0x6f050000 - 0x6f088000 	C:\Windows\System32\fwpuclnt.dll
0x6f040000 - 0x6f046000 	C:\Windows\system32\rasadhlp.dll
0x71e50000 - 0x71e55000 	C:\Windows\System32\wshtcpip.dll
0x638b0000 - 0x639f6000 	C:\Program Files (x86)\Java\jre1.8.0_25\bin\awt.dll
0x77150000 - 0x771df000 	C:\Windows\syswow64\OLEAUT32.dll
0x6f4d0000 - 0x6f550000 	C:\Windows\system32\uxtheme.dll
0x6f900000 - 0x6f913000 	C:\Windows\system32\dwmapi.dll
0x63870000 - 0x638a8000 	C:\Program Files (x86)\Java\jre1.8.0_25\bin\fontmanager.dll
0x15080000 - 0x150b8000 	C:\Program Files\ThinkPad\Bluetooth Software\SysWOW64\BtMmHook.dll
0x6e050000 - 0x6e065000 	C:\Program Files (x86)\Java\jre1.8.0_25\bin\net.dll
0x70f50000 - 0x70f56000 	C:\Windows\System32\wship6.dll
0x6e120000 - 0x6e12f000 	C:\Program Files (x86)\Java\jre1.8.0_25\bin\nio.dll
0x64f40000 - 0x64f70000 	C:\Program Files (x86)\Java\jre1.8.0_25\bin\t2k.dll
0x6ed40000 - 0x6ee2b000 	C:\Windows\system32\dbghelp.dll

VM Arguments:
jvm_args: -agentlib:jdwp=transport=dt_socket,suspend=y,address=localhost:1409 -Dfile.encoding=Cp1252 
java_command: uebung3.voronoi.Main
java_class_path (initial): D:\Users\chregi\Documents\GitHub\FHNW-Java-Projekte\efalg\Efalg\bin;D:\DEV\Eclipse\eclipse-jee-luna-SR1-win32-x86_64\eclipse\plugins\org.junit_4.11.0.v201303080030\junit.jar;D:\DEV\Eclipse\eclipse-jee-luna-SR1-win32-x86_64\eclipse\plugins\org.hamcrest.core_1.3.0.v201303031735.jar
Launcher Type: SUN_STANDARD

Environment Variables:
JAVA_HOME=C:\Program Files\Java\jdk1.7.0_17
JRE_HOME=C:\Program Files\Java\jre7
CLASSPATH=C:\jogl\jar\gluegen-rt.jar;C:\jogl\jar\jogl-all.jar
USERNAME=chregi
OS=Windows_NT
PROCESSOR_IDENTIFIER=Intel64 Family 6 Model 42 Stepping 7, GenuineIntel



---------------  S Y S T E M  ---------------

OS: Windows 7 , 64 bit Build 7601 Service Pack 1

CPU:total 4 (2 cores per cpu, 2 threads per core) family 6 model 42 stepping 7, cmov, cx8, fxsr, mmx, sse, sse2, sse3, ssse3, sse4.1, sse4.2, popcnt, avx, aes, clmul, ht, tsc, tscinvbit

Memory: 4k page, physical 12462320k(3959052k free), swap 24922776k(16444892k free)

vm_info: Java HotSpot(TM) Client VM (25.25-b02) for windows-x86 JRE (1.8.0_25-b18), built on Oct  7 2014 14:31:05 by "java_re" with MS VC++ 10.0 (VS2010)

time: Fri Nov 07 18:01:46 2014
elapsed time: 329 seconds (0d 0h 5m 29s)

