#
# A fatal error has been detected by the Java Runtime Environment:
#
#  EXCEPTION_ACCESS_VIOLATION (0xc0000005) at pc=0x000000006f919535, pid=194520, tid=194436
#
# JRE version: Java(TM) SE Runtime Environment (8.0_20-b26) (build 1.8.0_20-b26)
# Java VM: Java HotSpot(TM) 64-Bit Server VM (25.20-b23 mixed mode windows-amd64 compressed oops)
# Problematic frame:
# V  [jvm.dll+0x119535]
#
# Failed to write core dump. Minidumps are not enabled by default on client versions of Windows
#
# If you would like to submit a bug report, please visit:
#   http://bugreport.sun.com/bugreport/crash.jsp
#

---------------  T H R E A D  ---------------

Current thread (0x000000001b234800):  JavaThread "JDWP Transport Listener: dt_socket" daemon [_thread_in_vm, id=194436, stack(0x000000001bdb0000,0x000000001beb0000)]

siginfo: ExceptionCode=0xc0000005, reading address 0xffffffffffffffff

Registers:
RAX=0x000000001beaf501, RBX=0x000000001b234800, RCX=0x6b6f766e692f676e, RDX=0x0000000000000000
RSP=0x000000001beaf500, RBP=0x6b6f766e692f676e, RSI=0x000000001beaf618, RDI=0x00000000000e9850
R8 =0x000000001b234800, R9 =0x000063ba0006003d, R10=0x0000000000000000, R11=0x000000001beaf77e
R12=0x0000000000000000, R13=0x0000000019d8fbe8, R14=0x0000000000000000, R15=0x0000000000000000
RIP=0x000000006f919535, EFLAGS=0x0000000000010202

Top of Stack: (sp=0x000000001beaf500)
0x000000001beaf500:   000000001b234800 000000001b234800
0x000000001beaf510:   000000001beaf5c8 000000006fb1655b
0x000000001beaf520:   000000001b234800 000000006fb32dbd
0x000000001beaf530:   0000000000000000 000000005ac39149
0x000000001beaf540:   000000001b250c48 000000005ac42912
0x000000001beaf550:   000000001b234800 0000000000000000
0x000000001beaf560:   0000000000000000 0000000000000000
0x000000001beaf570:   6b6f766e692f676e 000000005ac41a09
0x000000001beaf580:   000000001beaf618 000000001beaf5f0
0x000000001beaf590:   0000000000000001 000000001b250c48
0x000000001beaf5a0:   6b6f766e692f676e 000000005ac253b3
0x000000001beaf5b0:   000000001beaf6e0 0000000000000001
0x000000001beaf5c0:   0000000000000001 000000001b250c48
0x000000001beaf5d0:   0000000000000001 0000000000000000
0x000000001beaf5e0:   0000000000000000 0000000000000000
0x000000001beaf5f0:   0000000000000001 000000005ac25571 

Instructions: (pc=0x000000006f919535)
0x000000006f919515:   cc cc cc cc cc cc cc cc cc cc cc 48 83 ec 28 48
0x000000006f919525:   85 c9 75 07 33 c0 48 83 c4 28 c3 48 89 5c 24 20
0x000000006f919535:   48 8b 19 48 85 db 74 20 48 83 fb 37 74 1a 48 8b
0x000000006f919545:   13 48 8b cb ff 52 10 84 c0 74 0d 48 8b c3 48 8b 


Register to memory mapping:

RAX=0x000000001beaf501 is pointing into the stack for thread: 0x000000001b234800
RBX=0x000000001b234800 is a thread
RCX=0x6b6f766e692f676e is an unknown value
RDX=0x0000000000000000 is an unknown value
RSP=0x000000001beaf500 is pointing into the stack for thread: 0x000000001b234800
RBP=0x6b6f766e692f676e is an unknown value
RSI=0x000000001beaf618 is pointing into the stack for thread: 0x000000001b234800
RDI=0x00000000000e9850 is an unknown value
R8 =0x000000001b234800 is a thread
R9 =0x000063ba0006003d is an unknown value
R10=0x0000000000000000 is an unknown value
R11=0x000000001beaf77e is pointing into the stack for thread: 0x000000001b234800
R12=0x0000000000000000 is an unknown value
R13=0x0000000019d8fbe8 is an unknown value
R14=0x0000000000000000 is an unknown value
R15=0x0000000000000000 is an unknown value


Stack: [0x000000001bdb0000,0x000000001beb0000],  sp=0x000000001beaf500,  free space=1021k
Native frames: (J=compiled Java code, j=interpreted, Vv=VM code, C=native code)
V  [jvm.dll+0x119535]
V  [jvm.dll+0x332dbd]
C  [jdwp.dll+0x21a09]
C  [jdwp.dll+0x53b3]
C  [jdwp.dll+0x5571]
C  [jdwp.dll+0xf09c]
C  [jdwp.dll+0x1f2c9]
C  [jdwp.dll+0x1f49e]
V  [jvm.dll+0x1aaa18]
V  [jvm.dll+0x22aac4]
V  [jvm.dll+0x283f5a]
C  [msvcr100.dll+0x21d9f]
C  [msvcr100.dll+0x21e3b]
C  [kernel32.dll+0x159ed]
C  [ntdll.dll+0x2c541]


---------------  P R O C E S S  ---------------

Java Threads: ( => current thread )
  0x00000000000ef000 JavaThread "DestroyJavaVM" [_thread_blocked, id=193136, stack(0x0000000002610000,0x0000000002710000)]
  0x000000001b5ff000 JavaThread "AWT-EventQueue-0" [_thread_blocked, id=193004, stack(0x000000001cea0000,0x000000001cfa0000)]
  0x000000001b5fa000 JavaThread "AWT-Windows" daemon [_thread_in_native, id=194500, stack(0x000000001caf0000,0x000000001cbf0000)]
  0x000000001b5f8000 JavaThread "AWT-Shutdown" [_thread_blocked, id=193940, stack(0x000000001c8c0000,0x000000001c9c0000)]
  0x000000001b5f4000 JavaThread "Java2D Disposer" daemon [_thread_blocked, id=170256, stack(0x000000001c7a0000,0x000000001c8a0000)]
  0x000000001b2cd800 JavaThread "Service Thread" daemon [_thread_blocked, id=184848, stack(0x000000001c350000,0x000000001c450000)]
  0x000000001b25c000 JavaThread "C1 CompilerThread2" daemon [_thread_blocked, id=191664, stack(0x000000001c450000,0x000000001c550000)]
  0x000000001b25a800 JavaThread "C2 CompilerThread1" daemon [_thread_blocked, id=189276, stack(0x000000001bb50000,0x000000001bc50000)]
  0x000000001b252800 JavaThread "C2 CompilerThread0" daemon [_thread_blocked, id=193856, stack(0x000000001c1c0000,0x000000001c2c0000)]
  0x000000001b244000 JavaThread "JDWP Command Reader" daemon [_thread_in_native, id=185016, stack(0x000000001c080000,0x000000001c180000)]
  0x000000001b240800 JavaThread "JDWP Event Helper Thread" daemon [_thread_blocked, id=193688, stack(0x000000001bec0000,0x000000001bfc0000)]
=>0x000000001b234800 JavaThread "JDWP Transport Listener: dt_socket" daemon [_thread_in_vm, id=194436, stack(0x000000001bdb0000,0x000000001beb0000)]
  0x0000000019d8a800 JavaThread "Attach Listener" daemon [_thread_blocked, id=193284, stack(0x000000001b7a0000,0x000000001b8a0000)]
  0x0000000019d87800 JavaThread "Signal Dispatcher" daemon [_thread_blocked, id=194460, stack(0x000000001adf0000,0x000000001aef0000)]
  0x0000000019d29000 JavaThread "Finalizer" daemon [_thread_blocked, id=194268, stack(0x000000001b130000,0x000000001b230000)]
  0x0000000019d20800 JavaThread "Reference Handler" daemon [_thread_blocked, id=194116, stack(0x000000001af20000,0x000000001b020000)]

Other Threads:
  0x0000000019d1b000 VMThread [stack: 0x000000001ac80000,0x000000001ad80000] [id=192140]
  0x000000001b2ce800 WatcherThread [stack: 0x000000001c5b0000,0x000000001c6b0000] [id=192956]

VM state:not at safepoint (normal execution)

VM Mutex/Monitor currently owned by a thread: None

Heap:
 PSYoungGen      total 57344K, used 28129K [0x0000000780980000, 0x0000000784980000, 0x00000007c0000000)
  eden space 49152K, 57% used [0x0000000780980000,0x00000007824f87f8,0x0000000783980000)
  from space 8192K, 0% used [0x0000000784180000,0x0000000784180000,0x0000000784980000)
  to   space 8192K, 0% used [0x0000000783980000,0x0000000783980000,0x0000000784180000)
 ParOldGen       total 131072K, used 0K [0x0000000701c00000, 0x0000000709c00000, 0x0000000780980000)
  object space 131072K, 0% used [0x0000000701c00000,0x0000000701c00000,0x0000000709c00000)
 Metaspace       used 9326K, capacity 9406K, committed 9600K, reserved 1058816K
  class space    used 1071K, capacity 1098K, committed 1152K, reserved 1048576K

Card table byte_map: [0x0000000011da0000,0x00000000123a0000] byte_map_base: 0x000000000e592000

Marking Bits: (ParMarkBitMap*) 0x000000006ffdb460
 Begin Bits: [0x0000000012e70000, 0x0000000015e00000)
 End Bits:   [0x0000000015e00000, 0x0000000018d90000)

Polling page: 0x0000000000230000

CodeCache: size=245760Kb used=2557Kb max_used=2557Kb free=243202Kb
 bounds [0x00000000029e0000, 0x0000000002c70000, 0x00000000119e0000]
 total_blobs=1117 nmethods=675 adapters=363
 compilation: enabled

Compilation events (10 events):
Event: 485.733 Thread 0x000000001b25c000  682       3       java.awt.EventQueue$3::run (5 bytes)
Event: 485.733 Thread 0x000000001b25c000 nmethod 682 0x0000000002aea690 code [0x0000000002aea800, 0x0000000002aea988]
Event: 485.733 Thread 0x000000001b25c000  678       3       java.awt.EventQueue::access$400 (7 bytes)
Event: 485.733 Thread 0x000000001b25c000 nmethod 678 0x0000000002ade250 code [0x0000000002ade3c0, 0x0000000002ade548]
Event: 485.733 Thread 0x000000001b25c000  679       3       java.awt.EventQueue::dispatchEventImpl (149 bytes)
Event: 485.736 Thread 0x000000001b25c000 nmethod 679 0x0000000002c5d090 code [0x0000000002c5d3c0, 0x0000000002c5f0b8]
Event: 485.736 Thread 0x000000001b25c000  680       3       java.awt.EventQueue::getAccessControlContextFrom (53 bytes)
Event: 485.736 Thread 0x000000001b25c000 nmethod 680 0x0000000002c5fa10 code [0x0000000002c5fc00, 0x0000000002c60708]
Event: 485.736 Thread 0x000000001b25c000  681       3       java.awt.AWTEvent::getAccessControlContext (22 bytes)
Event: 485.737 Thread 0x000000001b25c000 nmethod 681 0x0000000002aeb9d0 code [0x0000000002aebb40, 0x0000000002aebd68]

GC Heap History (0 events):
No events

Deoptimization events (7 events):
Event: 33.646 Thread 0x000000001b5ff000 Uncommon trap: reason=unreached action=reinterpret pc=0x0000000002bdb74c method=uebung3.voronoi.helpers.Debug.paintAreas(Ljava/awt/Canvas;Ljava/util/List;)V @ 181
Event: 33.654 Thread 0x000000001b5ff000 Uncommon trap: reason=unreached action=reinterpret pc=0x0000000002bdf8bc method=uebung3.voronoi.helpers.Debug.paintAreas(Ljava/awt/Canvas;Ljava/util/List;)V @ 181
Event: 33.887 Thread 0x000000001b5ff000 Uncommon trap: reason=unreached action=reinterpret pc=0x0000000002bdb0a4 method=sun.java2d.SunGraphics2D.setColor(Ljava/awt/Color;)V @ 9
Event: 33.892 Thread 0x000000001b5ff000 Uncommon trap: reason=class_check action=maybe_recompile pc=0x0000000002bd89e0 method=sun.java2d.SunGraphics2D.drawRect(IIII)V @ 10
Event: 34.477 Thread 0x000000001b5ff000 Uncommon trap: reason=class_check action=maybe_recompile pc=0x0000000002bd89e0 method=sun.java2d.SunGraphics2D.drawRect(IIII)V @ 10
Event: 34.882 Thread 0x000000001b5ff000 Uncommon trap: reason=class_check action=maybe_recompile pc=0x0000000002bd89e0 method=sun.java2d.SunGraphics2D.drawRect(IIII)V @ 10
Event: 35.173 Thread 0x000000001b5ff000 Uncommon trap: reason=class_check action=maybe_recompile pc=0x0000000002bd89e0 method=sun.java2d.SunGraphics2D.drawRect(IIII)V @ 10

Internal exceptions (10 events):
Event: 0.281 Thread 0x000000001b5ff000 Exception <a 'java/security/PrivilegedActionException'> (0x0000000780fedb78) thrown at [D:\re\workspace\8-2-build-windows-amd64-cygwin\jdk8u20\1074\hotspot\src\share\vm\prims\jvm.cpp, line 1275]
Event: 0.282 Thread 0x000000001b5ff000 Exception <a 'java/security/PrivilegedActionException'> (0x0000000780fefa70) thrown at [D:\re\workspace\8-2-build-windows-amd64-cygwin\jdk8u20\1074\hotspot\src\share\vm\prims\jvm.cpp, line 1275]
Event: 0.284 Thread 0x000000001b5ff000 Exception <a 'java/security/PrivilegedActionException'> (0x0000000780ff1888) thrown at [D:\re\workspace\8-2-build-windows-amd64-cygwin\jdk8u20\1074\hotspot\src\share\vm\prims\jvm.cpp, line 1275]
Event: 0.286 Thread 0x000000001b5ff000 Exception <a 'java/security/PrivilegedActionException'> (0x0000000780ff3400) thrown at [D:\re\workspace\8-2-build-windows-amd64-cygwin\jdk8u20\1074\hotspot\src\share\vm\prims\jvm.cpp, line 1275]
Event: 0.289 Thread 0x000000001b5ff000 Exception <a 'java/security/PrivilegedActionException'> (0x0000000780ff59e8) thrown at [D:\re\workspace\8-2-build-windows-amd64-cygwin\jdk8u20\1074\hotspot\src\share\vm\prims\jvm.cpp, line 1275]
Event: 33.346 Thread 0x000000001b5ff000 Exception <a 'java/security/PrivilegedActionException'> (0x000000078120db58) thrown at [D:\re\workspace\8-2-build-windows-amd64-cygwin\jdk8u20\1074\hotspot\src\share\vm\prims\jvm.cpp, line 1275]
Event: 34.878 Thread 0x000000001b5ff000 Exception <a 'java/security/PrivilegedActionException'> (0x0000000781b4a458) thrown at [D:\re\workspace\8-2-build-windows-amd64-cygwin\jdk8u20\1074\hotspot\src\share\vm\prims\jvm.cpp, line 1275]
Event: 34.879 Thread 0x000000001b5ff000 Exception <a 'java/security/PrivilegedActionException'> (0x0000000781b4c958) thrown at [D:\re\workspace\8-2-build-windows-amd64-cygwin\jdk8u20\1074\hotspot\src\share\vm\prims\jvm.cpp, line 1275]
Event: 91.090 Thread 0x000000001b5ff000 Exception <a 'java/lang/NullPointerException'> (0x0000000782479be8) thrown at [D:\re\workspace\8-2-build-windows-amd64-cygwin\jdk8u20\1074\hotspot\src\share\vm\interpreter\linkResolver.cpp, line 1166]
Event: 94.049 Thread 0x000000001b5ff000 Exception <a 'java/lang/NullPointerException'> (0x0000000782479e28) thrown at [D:\re\workspace\8-2-build-windows-amd64-cygwin\jdk8u20\1074\hotspot\src\share\vm\interpreter\linkResolver.cpp, line 1166]

Events (10 events):
Event: 1227.392 Executing VM operation: ChangeBreakpoints
Event: 1227.392 Executing VM operation: ChangeBreakpoints done
Event: 1227.397 Executing VM operation: ChangeBreakpoints
Event: 1227.398 Executing VM operation: ChangeBreakpoints done
Event: 1227.415 Executing VM operation: ChangeBreakpoints
Event: 1227.415 Executing VM operation: ChangeBreakpoints done
Event: 1227.421 Executing VM operation: ChangeBreakpoints
Event: 1227.421 Executing VM operation: ChangeBreakpoints done
Event: 1282.096 Executing VM operation: RedefineClasses
Event: 1282.105 Executing VM operation: RedefineClasses done


Dynamic libraries:
0x000000013f300000 - 0x000000013f334000 	C:\Program Files\Java\jdk1.8.0_20\bin\javaw.exe
0x0000000077430000 - 0x00000000775d9000 	C:\Windows\SYSTEM32\ntdll.dll
0x0000000077310000 - 0x000000007742f000 	C:\Windows\system32\kernel32.dll
0x000007fefd2a0000 - 0x000007fefd30c000 	C:\Windows\system32\KERNELBASE.dll
0x000007fefd600000 - 0x000007fefd6db000 	C:\Windows\system32\ADVAPI32.dll
0x000007feff070000 - 0x000007feff10f000 	C:\Windows\system32\msvcrt.dll
0x000007feff330000 - 0x000007feff34f000 	C:\Windows\SYSTEM32\sechost.dll
0x000007feff190000 - 0x000007feff2bd000 	C:\Windows\system32\RPCRT4.dll
0x0000000077210000 - 0x000000007730a000 	C:\Windows\system32\USER32.dll
0x000007feff2c0000 - 0x000007feff327000 	C:\Windows\system32\GDI32.dll
0x000007fefdc00000 - 0x000007fefdc0e000 	C:\Windows\system32\LPK.dll
0x000007fefd6e0000 - 0x000007fefd7a9000 	C:\Windows\system32\USP10.dll
0x000007fefc380000 - 0x000007fefc574000 	C:\Windows\WinSxS\amd64_microsoft.windows.common-controls_6595b64144ccf1df_6.0.7601.17514_none_fa396087175ac9ac\COMCTL32.dll
0x000007feff110000 - 0x000007feff181000 	C:\Windows\system32\SHLWAPI.dll
0x000007feff710000 - 0x000007feff73e000 	C:\Windows\system32\IMM32.DLL
0x000007fefec00000 - 0x000007fefed09000 	C:\Windows\system32\MSCTF.dll
0x000007fefd170000 - 0x000007fefd1b0000 	C:\Windows\system32\nvinitx.dll
0x0000000050e40000 - 0x0000000050f12000 	C:\Program Files\Java\jdk1.8.0_20\jre\bin\msvcr100.dll
0x000000006f800000 - 0x0000000070058000 	C:\Program Files\Java\jdk1.8.0_20\jre\bin\server\jvm.dll
0x000007fef8d80000 - 0x000007fef8d89000 	C:\Windows\system32\WSOCK32.dll
0x000007feff350000 - 0x000007feff39d000 	C:\Windows\system32\WS2_32.dll
0x000007fefebf0000 - 0x000007fefebf8000 	C:\Windows\system32\NSI.dll
0x000007fef9b20000 - 0x000007fef9b5b000 	C:\Windows\system32\WINMM.dll
0x0000000077600000 - 0x0000000077607000 	C:\Windows\system32\PSAPI.DLL
0x0000000073b70000 - 0x0000000073b7f000 	C:\Program Files\Java\jdk1.8.0_20\jre\bin\verify.dll
0x000000006d0e0000 - 0x000000006d108000 	C:\Program Files\Java\jdk1.8.0_20\jre\bin\java.dll
0x000000005ac20000 - 0x000000005ac55000 	C:\Program Files\Java\jdk1.8.0_20\jre\bin\jdwp.dll
0x000000006d080000 - 0x000000006d088000 	C:\Program Files\Java\jdk1.8.0_20\jre\bin\npt.dll
0x0000000063e70000 - 0x0000000063e86000 	C:\Program Files\Java\jdk1.8.0_20\jre\bin\zip.dll
0x000007fefdc10000 - 0x000007fefe998000 	C:\Windows\system32\SHELL32.dll
0x000007fefd7b0000 - 0x000007fefd9b3000 	C:\Windows\system32\ole32.dll
0x000007fefd250000 - 0x000007fefd25f000 	C:\Windows\system32\profapi.dll
0x000000006d070000 - 0x000000006d079000 	C:\Program Files\Java\jdk1.8.0_20\jre\bin\dt_socket.dll
0x000007fef9d80000 - 0x000007fef9d95000 	C:\Windows\system32\NLAapi.dll
0x000007feec1b0000 - 0x000007feec1c5000 	C:\Windows\system32\napinsp.dll
0x000007feec1d0000 - 0x000007feec1e9000 	C:\Windows\system32\pnrpnsp.dll
0x000007fefc9a0000 - 0x000007fefc9f5000 	C:\Windows\System32\mswsock.dll
0x000007fefc800000 - 0x000007fefc85b000 	C:\Windows\system32\DNSAPI.dll
0x000007feec5c0000 - 0x000007feec5cb000 	C:\Windows\System32\winrnr.dll
0x000007feec140000 - 0x000007feec150000 	C:\Windows\system32\wshbth.dll
0x000000006f5a0000 - 0x000000006f5c6000 	C:\Program Files\Bonjour\mdnsNSP.dll
0x000007fef9830000 - 0x000007fef9857000 	C:\Windows\system32\Iphlpapi.DLL
0x000007fef9820000 - 0x000007fef982b000 	C:\Windows\system32\WINNSI.DLL
0x000007feed740000 - 0x000007feed76e000 	C:\Program Files\Common Files\Microsoft Shared\Windows Live\WLIDNSP.DLL
0x000007fef9420000 - 0x000007fef9473000 	C:\Windows\System32\fwpuclnt.dll
0x000007feed730000 - 0x000007feed738000 	C:\Windows\system32\rasadhlp.dll
0x000007fefbe10000 - 0x000007fefbe17000 	C:\Windows\System32\wshtcpip.dll
0x000000006c770000 - 0x000000006c908000 	C:\Program Files\Java\jdk1.8.0_20\jre\bin\awt.dll
0x000007fefe9a0000 - 0x000007fefea77000 	C:\Windows\system32\OLEAUT32.dll
0x000007fefb5c0000 - 0x000007fefb616000 	C:\Windows\system32\uxtheme.dll
0x000007fefb3b0000 - 0x000007fefb3c8000 	C:\Windows\system32\dwmapi.dll
0x000007fefd0a0000 - 0x000007fefd0af000 	C:\Windows\system32\CRYPTBASE.dll
0x000000005af00000 - 0x000000005af47000 	C:\Program Files\Java\jdk1.8.0_20\jre\bin\fontmanager.dll
0x00000000127a0000 - 0x0000000012805000 	C:\Program Files\ThinkPad\Bluetooth Software\btmmhook.dll
0x000000006d120000 - 0x000000006d13a000 	C:\Program Files\Java\jdk1.8.0_20\jre\bin\net.dll
0x000007fefcb80000 - 0x000007fefcb87000 	C:\Windows\System32\wship6.dll
0x000000005c9c0000 - 0x000000005c9d1000 	C:\Program Files\Java\jdk1.8.0_20\jre\bin\nio.dll
0x000000005ad30000 - 0x000000005ad71000 	C:\Program Files\Java\jdk1.8.0_20\jre\bin\t2k.dll
0x000007feed480000 - 0x000007feed5a5000 	C:\Windows\system32\dbghelp.dll

VM Arguments:
jvm_args: -agentlib:jdwp=transport=dt_socket,suspend=y,address=localhost:22724 -Dfile.encoding=Cp1252 
java_command: uebung3.voronoi.Main
java_class_path (initial): D:\Users\chregi\Documents\GitHub\FHNW-Java-Projekte\efalg\Efalg\bin;D:\DEV\Eclipse\eclipse-jee-luna-SR1-win32-x86_64\eclipse\plugins\org.junit_4.11.0.v201303080030\junit.jar;D:\DEV\Eclipse\eclipse-jee-luna-SR1-win32-x86_64\eclipse\plugins\org.hamcrest.core_1.3.0.v201303031735.jar
Launcher Type: SUN_STANDARD

Environment Variables:
JAVA_HOME=C:\Program Files\Java\jdk1.7.0_17
JRE_HOME=C:\Program Files\Java\jre7
CLASSPATH=C:\jogl\jar\gluegen-rt.jar;C:\jogl\jar\jogl-all.jar
USERNAME=chregi
OS=Windows_NT
PROCESSOR_IDENTIFIER=Intel64 Family 6 Model 42 Stepping 7, GenuineIntel



---------------  S Y S T E M  ---------------

OS: Windows 7 , 64 bit Build 7601 Service Pack 1

CPU:total 4 (2 cores per cpu, 2 threads per core) family 6 model 42 stepping 7, cmov, cx8, fxsr, mmx, sse, sse2, sse3, ssse3, sse4.1, sse4.2, popcnt, avx, aes, clmul, ht, tsc, tscinvbit

Memory: 4k page, physical 12462320k(2158740k free), swap 24922776k(11374228k free)

vm_info: Java HotSpot(TM) 64-Bit Server VM (25.20-b23) for windows-amd64 JRE (1.8.0_20-b26), built on Jul 30 2014 13:51:23 by "java_re" with MS VC++ 10.0 (VS2010)

time: Sun Nov 09 23:48:16 2014
elapsed time: 1282 seconds (0d 0h 21m 22s)

